2021-03-03 12:57:43.791  INFO 11572 --- [main] com.oldbai.halfmoon.HalfmoonApplication  : Starting HalfmoonApplication on 老白的炸鸡堡垒 with PID 11572 (G:\MyJava\HalfMoon\halfmoon\target\classes started by 老白 in G:\MyJava\HalfMoon)
2021-03-03 12:57:43.798  INFO 11572 --- [main] com.oldbai.halfmoon.HalfmoonApplication  : No active profile set, falling back to default profiles: default
2021-03-03 12:57:46.024  INFO 11572 --- [main] .s.d.r.c.RepositoryConfigurationDelegate : Multiple Spring Data modules found, entering strict repository configuration mode!
2021-03-03 12:57:46.027  INFO 11572 --- [main] .s.d.r.c.RepositoryConfigurationDelegate : Bootstrapping Spring Data Redis repositories in DEFAULT mode.
2021-03-03 12:57:46.068  INFO 11572 --- [main] .s.d.r.c.RepositoryConfigurationDelegate : Finished Spring Data repository scanning in 21ms. Found 0 Redis repository interfaces.
2021-03-03 12:57:46.074  INFO 11572 --- [main] .s.d.r.c.RepositoryConfigurationDelegate : Multiple Spring Data modules found, entering strict repository configuration mode!
2021-03-03 12:57:46.074  INFO 11572 --- [main] .s.d.r.c.RepositoryConfigurationDelegate : Bootstrapping Spring Data Solr repositories in DEFAULT mode.
2021-03-03 12:57:46.085  INFO 11572 --- [main] .s.d.r.c.RepositoryConfigurationDelegate : Finished Spring Data repository scanning in 5ms. Found 0 Solr repository interfaces.
2021-03-03 12:57:46.492  INFO 11572 --- [main] trationDelegate$BeanPostProcessorChecker : Bean 'redisConfig' of type [com.oldbai.halfmoon.config.RedisConfig$$EnhancerBySpringCGLIB$$b5a8e7a] is not eligible for getting processed by all BeanPostProcessors (for example: not eligible for auto-proxying)
2021-03-03 12:57:46.512  INFO 11572 --- [main] trationDelegate$BeanPostProcessorChecker : Bean 'org.springframework.security.access.expression.method.DefaultMethodSecurityExpressionHandler@4215e133' of type [org.springframework.security.access.expression.method.DefaultMethodSecurityExpressionHandler] is not eligible for getting processed by all BeanPostProcessors (for example: not eligible for auto-proxying)
2021-03-03 12:57:46.516  INFO 11572 --- [main] trationDelegate$BeanPostProcessorChecker : Bean 'methodSecurityMetadataSource' of type [org.springframework.security.access.method.DelegatingMethodSecurityMetadataSource] is not eligible for getting processed by all BeanPostProcessors (for example: not eligible for auto-proxying)
2021-03-03 12:57:46.967  INFO 11572 --- [main] o.s.b.w.embedded.tomcat.TomcatWebServer  : Tomcat initialized with port(s): 8078 (http)
2021-03-03 12:57:46.978  INFO 11572 --- [main] o.a.coyote.http11.Http11NioProtocol      : Initializing ProtocolHandler ["http-nio-8078"]
2021-03-03 12:57:46.978  INFO 11572 --- [main] o.apache.catalina.core.StandardService   : Starting service [Tomcat]
2021-03-03 12:57:46.978  INFO 11572 --- [main] org.apache.catalina.core.StandardEngine  : Starting Servlet engine: [Apache Tomcat/9.0.37]
2021-03-03 12:57:47.078  INFO 11572 --- [main] o.a.c.c.C.[Tomcat].[localhost].[/]       : Initializing Spring embedded WebApplicationContext
2021-03-03 12:57:47.079  INFO 11572 --- [main] w.s.c.ServletWebServerApplicationContext : Root WebApplicationContext: initialization completed in 3242 ms
2021-03-03 12:57:49.716  INFO 11572 --- [main] o.s.s.concurrent.ThreadPoolTaskExecutor  : Initializing ExecutorService
2021-03-03 12:57:49.717  INFO 11572 --- [main] o.s.s.concurrent.ThreadPoolTaskExecutor  : Initializing ExecutorService 'asyncExecutor'
2021-03-03 12:57:49.774  INFO 11572 --- [main] .s.s.UserDetailsServiceAutoConfiguration : 

Using generated security password: fdf53b9a-073d-4e05-a95f-070215a75420

2021-03-03 12:57:49.876  INFO 11572 --- [main] o.s.s.web.DefaultSecurityFilterChain     : Creating filter chain: any request, [org.springframework.security.web.context.request.async.WebAsyncManagerIntegrationFilter@4e357792, org.springframework.security.web.context.SecurityContextPersistenceFilter@5100c143, org.springframework.security.web.header.HeaderWriterFilter@4604e051, org.springframework.security.web.authentication.logout.LogoutFilter@6684589a, org.springframework.security.web.savedrequest.RequestCacheAwareFilter@3b42b729, org.springframework.security.web.servletapi.SecurityContextHolderAwareRequestFilter@2f3cd727, org.springframework.security.web.authentication.AnonymousAuthenticationFilter@50734cea, org.springframework.security.web.session.SessionManagementFilter@1ce6a9bd, org.springframework.security.web.access.ExceptionTranslationFilter@24c84e65, org.springframework.security.web.access.intercept.FilterSecurityInterceptor@559c4e06]
2021-03-03 12:57:49.896  INFO 11572 --- [main] pertySourcedRequestMappingHandlerMapping : Mapped URL path [/v2/api-docs] onto method [springfox.documentation.swagger2.web.Swagger2Controller#getDocumentation(String, HttpServletRequest)]
2021-03-03 12:57:50.565  INFO 11572 --- [main] o.a.coyote.http11.Http11NioProtocol      : Starting ProtocolHandler ["http-nio-8078"]
2021-03-03 12:57:50.585  INFO 11572 --- [main] o.s.b.w.embedded.tomcat.TomcatWebServer  : Tomcat started on port(s): 8078 (http) with context path ''
2021-03-03 12:57:50.585  INFO 11572 --- [main] d.s.w.p.DocumentationPluginsBootstrapper : Context refreshed
2021-03-03 12:57:50.603  INFO 11572 --- [main] d.s.w.p.DocumentationPluginsBootstrapper : Found 3 custom documentation plugin(s)
2021-03-03 12:57:50.649  INFO 11572 --- [main] s.d.s.w.s.ApiListingReferenceScanner     : Scanning for api listing references
2021-03-03 12:57:50.834  INFO 11572 --- [main] .d.s.w.r.o.CachingOperationNameGenerator : Generating unique operation named: getCategoriesUsingGET_1
2021-03-03 12:57:50.854  INFO 11572 --- [main] s.d.s.w.s.ApiListingReferenceScanner     : Scanning for api listing references
2021-03-03 12:57:50.896  INFO 11572 --- [main] s.d.s.w.s.ApiListingReferenceScanner     : Scanning for api listing references
2021-03-03 12:57:50.913  INFO 11572 --- [main] .d.s.w.r.o.CachingOperationNameGenerator : Generating unique operation named: getArticleUsingGET_1
2021-03-03 12:57:50.917  INFO 11572 --- [main] .d.s.w.r.o.CachingOperationNameGenerator : Generating unique operation named: listArticlesUsingGET_1
2021-03-03 12:57:50.937  INFO 11572 --- [main] .d.s.w.r.o.CachingOperationNameGenerator : Generating unique operation named: deleteCommentUsingGET_1
2021-03-03 12:57:50.939  INFO 11572 --- [main] .d.s.w.r.o.CachingOperationNameGenerator : Generating unique operation named: listCommentsUsingGET_1
2021-03-03 12:57:50.955  INFO 11572 --- [main] .d.s.w.r.o.CachingOperationNameGenerator : Generating unique operation named: getImageUsingGET_1
2021-03-03 12:57:50.980  INFO 11572 --- [main] com.oldbai.halfmoon.HalfmoonApplication  : Started HalfmoonApplication in 8.01 seconds (JVM running for 10.799)
2021-03-03 14:01:08.826  INFO 11572 --- [http-nio-8078-exec-1] o.a.c.c.C.[Tomcat].[localhost].[/]       : Initializing Spring DispatcherServlet 'dispatcherServlet'
2021-03-03 14:01:08.828  INFO 11572 --- [http-nio-8078-exec-1] o.s.web.servlet.DispatcherServlet        : Initializing Servlet 'dispatcherServlet'
2021-03-03 14:01:08.886  INFO 11572 --- [http-nio-8078-exec-1] o.s.web.servlet.DispatcherServlet        : Completed initialization in 58 ms
2021-03-03 14:03:27.430  INFO 11572 --- [http-nio-8078-exec-5] c.o.h.service.impl.UserServiceImpl       : captcha content == > ftvpq
2021-03-03 18:34:42.602  INFO 11572 --- [http-nio-8078-exec-9] c.o.h.service.impl.UserServiceImpl       : key_captcha_content_
2021-03-03 18:34:57.147  INFO 11572 --- [http-nio-8078-exec-6] c.o.h.service.impl.UserServiceImpl       : key_captcha_content_
2021-03-03 18:35:04.307  INFO 11572 --- [lettuce-eventExecutorLoop-1-5] i.l.core.protocol.ConnectionWatchdog     : Reconnecting, last destination was /47.106.234.164:6379
2021-03-03 18:35:04.313  INFO 11572 --- [http-nio-8078-exec-9] c.o.h.exception.ExceptionController      : Redis exception; nested exception is io.lettuce.core.RedisException: java.io.IOException: 远程主机强迫关闭了一个现有的连接。
2021-03-03 18:35:04.340  INFO 11572 --- [http-nio-8078-exec-3] c.o.h.service.impl.UserServiceImpl       : captcha content == > zcxjm
2021-03-03 18:35:04.365  INFO 11572 --- [lettuce-nioEventLoop-4-2] i.l.core.protocol.ReconnectionHandler    : Reconnected to 47.106.234.164:6379
2021-03-03 18:35:13.879  INFO 11572 --- [http-nio-8078-exec-1] c.o.h.service.impl.UserServiceImpl       : key_captcha_content_
2021-03-03 18:35:14.190  INFO 11572 --- [http-nio-8078-exec-1] com.zaxxer.hikari.HikariDataSource       : HikariPool-1 - Starting...
2021-03-03 18:35:15.351  INFO 11572 --- [http-nio-8078-exec-1] com.zaxxer.hikari.HikariDataSource       : HikariPool-1 - Start completed.
2021-03-03 18:35:15.913  INFO 11572 --- [http-nio-8078-exec-1] c.o.h.service.impl.UserServiceImpl       : createNew+1
2021-03-03 18:35:16.088  INFO 11572 --- [http-nio-8078-exec-1] c.o.halfmoon.config.MyMetaObjectHandler  : start insert fill ....
2021-03-03 18:35:16.108  INFO 11572 --- [http-nio-8078-exec-10] c.o.h.service.impl.UserServiceImpl       : captcha content == > q2bxq
2021-03-03 18:38:43.170  INFO 11572 --- [http-nio-8078-exec-8] c.o.h.service.impl.UserServiceImpl       : captcha content == > xyaas
2021-03-03 18:38:47.747  INFO 11572 --- [http-nio-8078-exec-2] c.o.h.service.impl.UserServiceImpl       : key_captcha_content_
2021-03-03 18:38:47.882  INFO 11572 --- [http-nio-8078-exec-2] c.o.h.service.impl.UserServiceImpl       : createNew+1
2021-03-03 18:38:47.910  INFO 11572 --- [http-nio-8078-exec-2] c.o.halfmoon.config.MyMetaObjectHandler  : start insert fill ....
2021-03-03 18:38:47.928  INFO 11572 --- [http-nio-8078-exec-5] c.o.h.service.impl.UserServiceImpl       : captcha content == > 2nczj
2021-03-03 18:39:40.323  INFO 11572 --- [http-nio-8078-exec-4] c.o.h.service.impl.UserServiceImpl       : key_captcha_content_
2021-03-03 18:39:40.457  INFO 11572 --- [http-nio-8078-exec-4] c.o.h.service.impl.UserServiceImpl       : createNew+1
2021-03-03 18:39:40.485  INFO 11572 --- [http-nio-8078-exec-4] c.o.halfmoon.config.MyMetaObjectHandler  : start insert fill ....
2021-03-03 18:39:40.500  INFO 11572 --- [http-nio-8078-exec-9] c.o.h.service.impl.UserServiceImpl       : captcha content == > bzntv
2021-03-03 18:46:49.215  INFO 11572 --- [http-nio-8078-exec-3] c.o.h.exception.ExceptionController      : Request method 'POST' not supported
2021-03-03 18:46:49.234  INFO 11572 --- [http-nio-8078-exec-1] c.o.h.service.impl.UserServiceImpl       : captcha content == > ravke
2021-03-03 18:46:56.758  INFO 11572 --- [http-nio-8078-exec-10] c.o.h.service.impl.UserServiceImpl       : captcha content == > gjhtz
2021-03-03 18:46:57.914  INFO 11572 --- [http-nio-8078-exec-7] c.o.h.service.impl.UserServiceImpl       : captcha content == > s6qcm
2021-03-03 18:47:02.114  INFO 11572 --- [http-nio-8078-exec-8] c.o.h.service.impl.UserServiceImpl       : captcha content == > 7wpxf
2021-03-03 18:47:07.705  INFO 11572 --- [http-nio-8078-exec-2] c.o.h.service.impl.UserServiceImpl       : key_captcha_content_
2021-03-03 18:47:08.406  INFO 11572 --- [lettuce-eventExecutorLoop-1-2] i.l.core.protocol.ConnectionWatchdog     : Reconnecting, last destination was /47.106.234.164:6379
2021-03-03 18:47:08.420  INFO 11572 --- [http-nio-8078-exec-5] c.o.h.service.impl.UserServiceImpl       : captcha content == > efhct
2021-03-03 18:47:08.438  INFO 11572 --- [lettuce-nioEventLoop-4-3] i.l.core.protocol.ReconnectionHandler    : Reconnected to 47.106.234.164:6379
2021-03-03 18:48:24.068  INFO 11572 --- [SpringContextShutdownHook] o.s.s.concurrent.ThreadPoolTaskExecutor  : Shutting down ExecutorService 'asyncExecutor'
2021-03-03 18:48:24.071  INFO 11572 --- [SpringContextShutdownHook] com.zaxxer.hikari.HikariDataSource       : HikariPool-1 - Shutdown initiated...
2021-03-03 18:48:24.079  INFO 11572 --- [SpringContextShutdownHook] com.zaxxer.hikari.HikariDataSource       : HikariPool-1 - Shutdown completed.
2021-03-03 18:48:29.629  INFO 7496 --- [main] com.oldbai.halfmoon.HalfmoonApplication  : Starting HalfmoonApplication on 老白的炸鸡堡垒 with PID 7496 (G:\MyJava\HalfMoon\halfmoon\target\classes started by 老白 in G:\MyJava\HalfMoon)
2021-03-03 18:48:29.632  INFO 7496 --- [main] com.oldbai.halfmoon.HalfmoonApplication  : No active profile set, falling back to default profiles: default
2021-03-03 18:48:31.514  INFO 7496 --- [main] .s.d.r.c.RepositoryConfigurationDelegate : Multiple Spring Data modules found, entering strict repository configuration mode!
2021-03-03 18:48:31.517  INFO 7496 --- [main] .s.d.r.c.RepositoryConfigurationDelegate : Bootstrapping Spring Data Redis repositories in DEFAULT mode.
2021-03-03 18:48:31.558  INFO 7496 --- [main] .s.d.r.c.RepositoryConfigurationDelegate : Finished Spring Data repository scanning in 25ms. Found 0 Redis repository interfaces.
2021-03-03 18:48:31.567  INFO 7496 --- [main] .s.d.r.c.RepositoryConfigurationDelegate : Multiple Spring Data modules found, entering strict repository configuration mode!
2021-03-03 18:48:31.568  INFO 7496 --- [main] .s.d.r.c.RepositoryConfigurationDelegate : Bootstrapping Spring Data Solr repositories in DEFAULT mode.
2021-03-03 18:48:31.585  INFO 7496 --- [main] .s.d.r.c.RepositoryConfigurationDelegate : Finished Spring Data repository scanning in 9ms. Found 0 Solr repository interfaces.
2021-03-03 18:48:31.939  INFO 7496 --- [main] trationDelegate$BeanPostProcessorChecker : Bean 'redisConfig' of type [com.oldbai.halfmoon.config.RedisConfig$$EnhancerBySpringCGLIB$$da2728de] is not eligible for getting processed by all BeanPostProcessors (for example: not eligible for auto-proxying)
2021-03-03 18:48:31.959  INFO 7496 --- [main] trationDelegate$BeanPostProcessorChecker : Bean 'org.springframework.security.access.expression.method.DefaultMethodSecurityExpressionHandler@427a12b6' of type [org.springframework.security.access.expression.method.DefaultMethodSecurityExpressionHandler] is not eligible for getting processed by all BeanPostProcessors (for example: not eligible for auto-proxying)
2021-03-03 18:48:31.964  INFO 7496 --- [main] trationDelegate$BeanPostProcessorChecker : Bean 'methodSecurityMetadataSource' of type [org.springframework.security.access.method.DelegatingMethodSecurityMetadataSource] is not eligible for getting processed by all BeanPostProcessors (for example: not eligible for auto-proxying)
2021-03-03 18:48:32.470  INFO 7496 --- [main] o.s.b.w.embedded.tomcat.TomcatWebServer  : Tomcat initialized with port(s): 8078 (http)
2021-03-03 18:48:32.510  INFO 7496 --- [main] o.a.coyote.http11.Http11NioProtocol      : Initializing ProtocolHandler ["http-nio-8078"]
2021-03-03 18:48:32.511  INFO 7496 --- [main] o.apache.catalina.core.StandardService   : Starting service [Tomcat]
2021-03-03 18:48:32.512  INFO 7496 --- [main] org.apache.catalina.core.StandardEngine  : Starting Servlet engine: [Apache Tomcat/9.0.37]
2021-03-03 18:48:32.635  INFO 7496 --- [main] o.a.c.c.C.[Tomcat].[localhost].[/]       : Initializing Spring embedded WebApplicationContext
2021-03-03 18:48:32.635  INFO 7496 --- [main] w.s.c.ServletWebServerApplicationContext : Root WebApplicationContext: initialization completed in 2956 ms
2021-03-03 18:48:35.278  INFO 7496 --- [main] o.s.s.concurrent.ThreadPoolTaskExecutor  : Initializing ExecutorService
2021-03-03 18:48:35.279  INFO 7496 --- [main] o.s.s.concurrent.ThreadPoolTaskExecutor  : Initializing ExecutorService 'asyncExecutor'
2021-03-03 18:48:35.333  INFO 7496 --- [main] .s.s.UserDetailsServiceAutoConfiguration : 

Using generated security password: 01711798-603e-4b8c-aa56-2935531828eb

2021-03-03 18:48:35.412  INFO 7496 --- [main] o.s.s.web.DefaultSecurityFilterChain     : Creating filter chain: any request, [org.springframework.security.web.context.request.async.WebAsyncManagerIntegrationFilter@3265995e, org.springframework.security.web.context.SecurityContextPersistenceFilter@4b56b517, org.springframework.security.web.header.HeaderWriterFilter@1e000a17, org.springframework.security.web.authentication.logout.LogoutFilter@27dc81be, org.springframework.security.web.savedrequest.RequestCacheAwareFilter@335cdd2, org.springframework.security.web.servletapi.SecurityContextHolderAwareRequestFilter@5e9ea380, org.springframework.security.web.authentication.AnonymousAuthenticationFilter@33f2eb04, org.springframework.security.web.session.SessionManagementFilter@498b611e, org.springframework.security.web.access.ExceptionTranslationFilter@69b1e8f8, org.springframework.security.web.access.intercept.FilterSecurityInterceptor@662713b6]
2021-03-03 18:48:35.432  INFO 7496 --- [main] pertySourcedRequestMappingHandlerMapping : Mapped URL path [/v2/api-docs] onto method [springfox.documentation.swagger2.web.Swagger2Controller#getDocumentation(String, HttpServletRequest)]
2021-03-03 18:48:35.876  INFO 7496 --- [main] o.a.coyote.http11.Http11NioProtocol      : Starting ProtocolHandler ["http-nio-8078"]
2021-03-03 18:48:35.896  INFO 7496 --- [main] o.s.b.w.embedded.tomcat.TomcatWebServer  : Tomcat started on port(s): 8078 (http) with context path ''
2021-03-03 18:48:35.897  INFO 7496 --- [main] d.s.w.p.DocumentationPluginsBootstrapper : Context refreshed
2021-03-03 18:48:35.914  INFO 7496 --- [main] d.s.w.p.DocumentationPluginsBootstrapper : Found 3 custom documentation plugin(s)
2021-03-03 18:48:35.946  INFO 7496 --- [main] s.d.s.w.s.ApiListingReferenceScanner     : Scanning for api listing references
2021-03-03 18:48:36.073  INFO 7496 --- [main] .d.s.w.r.o.CachingOperationNameGenerator : Generating unique operation named: getCategoriesUsingGET_1
2021-03-03 18:48:36.092  INFO 7496 --- [main] s.d.s.w.s.ApiListingReferenceScanner     : Scanning for api listing references
2021-03-03 18:48:36.120  INFO 7496 --- [main] s.d.s.w.s.ApiListingReferenceScanner     : Scanning for api listing references
2021-03-03 18:48:36.128  INFO 7496 --- [main] .d.s.w.r.o.CachingOperationNameGenerator : Generating unique operation named: getArticleUsingGET_1
2021-03-03 18:48:36.130  INFO 7496 --- [main] .d.s.w.r.o.CachingOperationNameGenerator : Generating unique operation named: listArticlesUsingGET_1
2021-03-03 18:48:36.140  INFO 7496 --- [main] .d.s.w.r.o.CachingOperationNameGenerator : Generating unique operation named: deleteCommentUsingGET_1
2021-03-03 18:48:36.141  INFO 7496 --- [main] .d.s.w.r.o.CachingOperationNameGenerator : Generating unique operation named: listCommentsUsingGET_1
2021-03-03 18:48:36.150  INFO 7496 --- [main] .d.s.w.r.o.CachingOperationNameGenerator : Generating unique operation named: getImageUsingGET_1
2021-03-03 18:48:36.172  INFO 7496 --- [main] com.oldbai.halfmoon.HalfmoonApplication  : Started HalfmoonApplication in 7.35 seconds (JVM running for 8.762)
2021-03-03 18:48:57.808  INFO 7496 --- [http-nio-8078-exec-1] o.a.c.c.C.[Tomcat].[localhost].[/]       : Initializing Spring DispatcherServlet 'dispatcherServlet'
2021-03-03 18:48:57.809  INFO 7496 --- [http-nio-8078-exec-1] o.s.web.servlet.DispatcherServlet        : Initializing Servlet 'dispatcherServlet'
2021-03-03 18:48:57.820  INFO 7496 --- [http-nio-8078-exec-1] o.s.web.servlet.DispatcherServlet        : Completed initialization in 11 ms
2021-03-03 18:48:57.927  INFO 7496 --- [http-nio-8078-exec-1] c.o.h.service.impl.UserServiceImpl       : captcha content == > c7fb9
2021-03-03 18:49:02.304  INFO 7496 --- [http-nio-8078-exec-2] c.o.h.service.impl.UserServiceImpl       : captcha content == > 8t7js
2021-03-03 18:49:05.124  INFO 7496 --- [http-nio-8078-exec-3] c.o.h.service.impl.UserServiceImpl       : captcha content == > sjxna
2021-03-03 18:49:09.472  INFO 7496 --- [http-nio-8078-exec-4] c.o.h.service.impl.UserServiceImpl       : captcha content == > jhrmv
2021-03-03 18:49:12.584  INFO 7496 --- [http-nio-8078-exec-5] c.o.h.service.impl.UserServiceImpl       : captcha content == > wshzz
2021-03-03 18:49:20.894  INFO 7496 --- [http-nio-8078-exec-6] c.o.h.service.impl.UserServiceImpl       : key_captcha_content_
2021-03-03 18:49:21.027  INFO 7496 --- [http-nio-8078-exec-6] com.zaxxer.hikari.HikariDataSource       : HikariPool-1 - Starting...
2021-03-03 18:49:21.274  INFO 7496 --- [http-nio-8078-exec-6] com.zaxxer.hikari.HikariDataSource       : HikariPool-1 - Start completed.
2021-03-03 18:49:21.406  INFO 7496 --- [http-nio-8078-exec-6] c.o.h.service.impl.UserServiceImpl       : createNew+1
2021-03-03 18:49:21.485  INFO 7496 --- [http-nio-8078-exec-6] c.o.halfmoon.config.MyMetaObjectHandler  : start insert fill ....
2021-03-03 18:49:21.525  INFO 7496 --- [http-nio-8078-exec-7] c.o.h.service.impl.UserServiceImpl       : captcha content == > vznwc
2021-03-03 18:50:32.308  INFO 7496 --- [http-nio-8078-exec-9] c.o.h.service.impl.UserServiceImpl       : captcha content == > q9vuc
2021-03-03 18:50:42.162  INFO 7496 --- [http-nio-8078-exec-10] c.o.h.service.impl.UserServiceImpl       : captcha content == > bykuk
2021-03-03 18:51:01.860  INFO 7496 --- [http-nio-8078-exec-1] c.o.h.service.impl.UserServiceImpl       : captcha content == > 2trwk
2021-03-03 18:51:12.345  INFO 7496 --- [http-nio-8078-exec-2] c.o.h.service.impl.UserServiceImpl       : captcha content == > pqeq7
2021-03-03 18:51:19.405  INFO 7496 --- [http-nio-8078-exec-3] c.o.h.service.impl.UserServiceImpl       : key_captcha_content_
2021-03-03 18:51:19.446  INFO 7496 --- [http-nio-8078-exec-4] c.o.h.service.impl.UserServiceImpl       : captcha content == > mejwk
2021-03-03 18:51:26.444  INFO 7496 --- [http-nio-8078-exec-5] c.o.h.service.impl.UserServiceImpl       : key_captcha_content_
2021-03-03 18:51:26.482  INFO 7496 --- [http-nio-8078-exec-6] c.o.h.service.impl.UserServiceImpl       : captcha content == > d7uus
2021-03-03 18:51:31.660  INFO 7496 --- [http-nio-8078-exec-7] c.o.h.service.impl.UserServiceImpl       : key_captcha_content_
2021-03-03 18:51:31.700  INFO 7496 --- [http-nio-8078-exec-8] c.o.h.service.impl.UserServiceImpl       : captcha content == > qrrew
2021-03-03 18:51:41.991  INFO 7496 --- [http-nio-8078-exec-9] c.o.h.service.impl.UserServiceImpl       : key_captcha_content_
2021-03-03 18:51:42.028  INFO 7496 --- [http-nio-8078-exec-10] c.o.h.service.impl.UserServiceImpl       : captcha content == > gs2cn
2021-03-03 18:51:53.514  INFO 7496 --- [http-nio-8078-exec-1] c.o.h.service.impl.UserServiceImpl       : key_captcha_content_
2021-03-03 18:51:53.555  INFO 7496 --- [http-nio-8078-exec-2] c.o.h.service.impl.UserServiceImpl       : captcha content == > eb36k
2021-03-03 18:52:00.298  INFO 7496 --- [http-nio-8078-exec-3] c.o.h.service.impl.UserServiceImpl       : key_captcha_content_
2021-03-03 18:52:00.336  INFO 7496 --- [http-nio-8078-exec-4] c.o.h.service.impl.UserServiceImpl       : captcha content == > dgzjy
2021-03-03 18:52:29.382  INFO 7496 --- [http-nio-8078-exec-5] c.o.h.service.impl.UserServiceImpl       : key_captcha_content_
2021-03-03 18:52:29.518  INFO 7496 --- [http-nio-8078-exec-5] c.o.h.service.impl.UserServiceImpl       : createNew+1
2021-03-03 18:52:29.547  INFO 7496 --- [http-nio-8078-exec-5] c.o.halfmoon.config.MyMetaObjectHandler  : start insert fill ....
2021-03-03 18:52:29.566  INFO 7496 --- [http-nio-8078-exec-6] c.o.h.service.impl.UserServiceImpl       : captcha content == > wfvvs
2021-03-03 18:53:14.941  INFO 7496 --- [http-nio-8078-exec-7] c.o.h.service.impl.UserServiceImpl       : captcha content == > 2qedf
2021-03-03 18:53:32.210  INFO 7496 --- [http-nio-8078-exec-8] c.o.h.service.impl.UserServiceImpl       : captcha content == > 56jpn
2021-03-03 18:53:51.044  INFO 7496 --- [http-nio-8078-exec-9] c.o.h.service.impl.UserServiceImpl       : captcha content == > fsydc
2021-03-03 18:54:11.342  INFO 7496 --- [http-nio-8078-exec-10] c.o.h.service.impl.UserServiceImpl       : captcha content == > u362d
2021-03-03 18:54:39.544  INFO 7496 --- [http-nio-8078-exec-1] c.o.h.service.impl.UserServiceImpl       : captcha content == > dr9da
2021-03-03 18:54:52.583  INFO 7496 --- [http-nio-8078-exec-2] c.o.h.service.impl.UserServiceImpl       : captcha content == > p3q9a
2021-03-03 18:55:23.739  INFO 7496 --- [http-nio-8078-exec-3] c.o.h.service.impl.UserServiceImpl       : key_captcha_content_
2021-03-03 18:55:23.872  INFO 7496 --- [http-nio-8078-exec-3] c.o.h.service.impl.UserServiceImpl       : createNew+1
2021-03-03 18:55:23.901  INFO 7496 --- [http-nio-8078-exec-3] c.o.halfmoon.config.MyMetaObjectHandler  : start insert fill ....
2021-03-03 18:56:05.906  INFO 7496 --- [http-nio-8078-exec-5] c.o.h.service.impl.UserServiceImpl       : captcha content == > scw4y
2021-03-03 18:56:30.235  INFO 7496 --- [http-nio-8078-exec-6] c.o.h.service.impl.UserServiceImpl       : key_captcha_content_
2021-03-03 18:56:30.276  INFO 7496 --- [http-nio-8078-exec-7] c.o.h.service.impl.UserServiceImpl       : captcha content == > nrm4c
2021-03-03 18:56:51.289  INFO 7496 --- [http-nio-8078-exec-8] c.o.h.service.impl.UserServiceImpl       : key_captcha_content_
2021-03-03 18:56:51.425  INFO 7496 --- [http-nio-8078-exec-8] c.o.h.service.impl.UserServiceImpl       : createNew+1
2021-03-03 18:56:51.452  INFO 7496 --- [http-nio-8078-exec-8] c.o.halfmoon.config.MyMetaObjectHandler  : start insert fill ....
2021-03-03 18:58:31.486  INFO 7496 --- [http-nio-8078-exec-10] c.o.h.service.impl.UserServiceImpl       : captcha content == > bne6k
2021-03-03 18:58:43.011  INFO 7496 --- [http-nio-8078-exec-1] c.o.h.service.impl.UserServiceImpl       : key_captcha_content_
2021-03-03 18:58:43.145  INFO 7496 --- [http-nio-8078-exec-1] c.o.h.service.impl.UserServiceImpl       : createNew+1
2021-03-03 18:58:43.172  INFO 7496 --- [http-nio-8078-exec-1] c.o.halfmoon.config.MyMetaObjectHandler  : start insert fill ....
2021-03-03 18:58:43.195  INFO 7496 --- [http-nio-8078-exec-2] c.o.h.service.impl.UserServiceImpl       : captcha content == > gdp7x
2021-03-03 18:58:49.453  INFO 7496 --- [http-nio-8078-exec-3] c.o.h.service.impl.UserServiceImpl       : captcha content == > vnfnr
2021-03-03 18:59:40.498  INFO 7496 --- [http-nio-8078-exec-4] c.o.h.service.impl.UserServiceImpl       : key_captcha_content_
2021-03-03 18:59:40.637  INFO 7496 --- [http-nio-8078-exec-4] c.o.h.service.impl.UserServiceImpl       : createNew+1
2021-03-03 18:59:40.666  INFO 7496 --- [http-nio-8078-exec-4] c.o.halfmoon.config.MyMetaObjectHandler  : start insert fill ....
2021-03-03 19:07:21.910  INFO 7496 --- [http-nio-8078-exec-6] c.o.h.service.impl.UserServiceImpl       : captcha content == > vsvxa
2021-03-03 19:07:41.170  INFO 7496 --- [lettuce-eventExecutorLoop-1-8] i.l.core.protocol.ConnectionWatchdog     : Reconnecting, last destination was /47.106.234.164:6379
2021-03-03 19:07:41.203  INFO 7496 --- [lettuce-nioEventLoop-4-2] i.l.core.protocol.ReconnectionHandler    : Reconnected to 47.106.234.164:6379
2021-03-03 19:08:10.003  INFO 7496 --- [http-nio-8078-exec-7] c.o.h.service.impl.UserServiceImpl       : captcha content == > hhcab
2021-03-03 19:08:26.593  INFO 7496 --- [http-nio-8078-exec-8] c.o.h.service.impl.UserServiceImpl       : captcha content == > c9zae
2021-03-03 19:10:38.164  INFO 7496 --- [http-nio-8078-exec-10] c.o.h.service.impl.UserServiceImpl       : key_captcha_content_
2021-03-03 19:10:38.299  INFO 7496 --- [http-nio-8078-exec-10] c.o.h.service.impl.UserServiceImpl       : createNew+1
2021-03-03 19:10:38.325  INFO 7496 --- [http-nio-8078-exec-10] c.o.halfmoon.config.MyMetaObjectHandler  : start insert fill ....
2021-03-03 19:12:46.257  INFO 7496 --- [http-nio-8078-exec-1] c.o.h.service.impl.UserServiceImpl       : captcha content == > jmxqn
2021-03-03 19:16:46.450  INFO 7496 --- [http-nio-8078-exec-9] c.o.h.service.impl.UserServiceImpl       : captcha content == > kabpn
2021-03-03 19:17:43.869  INFO 7496 --- [http-nio-8078-exec-10] c.o.h.service.impl.UserServiceImpl       : captcha content == > ahgfs
2021-03-03 19:17:59.534  INFO 7496 --- [http-nio-8078-exec-1] c.o.h.service.impl.UserServiceImpl       : key_captcha_content_
2021-03-03 19:17:59.673  INFO 7496 --- [http-nio-8078-exec-1] c.o.h.service.impl.UserServiceImpl       : createNew+1
2021-03-03 19:17:59.700  INFO 7496 --- [http-nio-8078-exec-1] c.o.halfmoon.config.MyMetaObjectHandler  : start insert fill ....
2021-03-03 19:18:01.537  INFO 7496 --- [http-nio-8078-exec-2] c.o.h.service.impl.UserServiceImpl       : captcha content == > 5eage
2021-03-03 19:20:30.104  INFO 7496 --- [http-nio-8078-exec-4] c.o.h.service.impl.UserServiceImpl       : captcha content == > a6epu
2021-03-03 19:20:34.199  INFO 7496 --- [http-nio-8078-exec-5] c.o.h.service.impl.UserServiceImpl       : key_captcha_content_
2021-03-03 19:20:34.335  INFO 7496 --- [http-nio-8078-exec-5] c.o.h.service.impl.UserServiceImpl       : createNew+1
2021-03-03 19:20:34.360  INFO 7496 --- [http-nio-8078-exec-5] c.o.halfmoon.config.MyMetaObjectHandler  : start insert fill ....
2021-03-03 19:20:34.491  INFO 7496 --- [http-nio-8078-exec-6] c.o.h.service.impl.UserServiceImpl       : captcha content == > wjrkj
2021-03-03 19:20:36.332  INFO 7496 --- [http-nio-8078-exec-7] c.o.h.service.impl.UserServiceImpl       : captcha content == > zr3vu
2021-03-03 19:20:42.515  INFO 7496 --- [http-nio-8078-exec-8] c.o.h.exception.ExceptionController      : Request method 'POST' not supported
2021-03-03 19:20:42.530  INFO 7496 --- [http-nio-8078-exec-9] c.o.h.service.impl.UserServiceImpl       : captcha content == > sprfg
2021-03-03 19:20:44.872  INFO 7496 --- [http-nio-8078-exec-10] c.o.h.exception.ExceptionController      : Request method 'POST' not supported
2021-03-03 19:20:44.888  INFO 7496 --- [http-nio-8078-exec-1] c.o.h.service.impl.UserServiceImpl       : captcha content == > tjbpb
2021-03-03 19:21:54.360  INFO 7496 --- [http-nio-8078-exec-3] c.o.h.service.impl.UserServiceImpl       : captcha content == > 3sdzr
2021-03-03 19:23:15.829  INFO 7496 --- [http-nio-8078-exec-5] c.o.h.service.impl.UserServiceImpl       : captcha content == > fyr5x
2021-03-03 19:40:41.901  INFO 7496 --- [http-nio-8078-exec-7] c.o.h.service.impl.UserServiceImpl       : key_captcha_content_
2021-03-03 19:40:50.114  INFO 7496 --- [http-nio-8078-exec-8] c.o.h.service.impl.UserServiceImpl       : key_captcha_content_
2021-03-03 19:41:01.053  INFO 7496 --- [http-nio-8078-exec-7] c.o.h.exception.ExceptionController      : Redis exception; nested exception is io.lettuce.core.RedisException: java.io.IOException: 远程主机强迫关闭了一个现有的连接。
2021-03-03 19:41:01.070  INFO 7496 --- [http-nio-8078-exec-9] c.o.h.service.impl.UserServiceImpl       : captcha content == > uyujs
2021-03-03 19:41:01.071  INFO 7496 --- [lettuce-eventExecutorLoop-1-3] i.l.core.protocol.ConnectionWatchdog     : Reconnecting, last destination was /47.106.234.164:6379
2021-03-03 19:41:01.100  INFO 7496 --- [lettuce-nioEventLoop-4-3] i.l.core.protocol.ReconnectionHandler    : Reconnected to 47.106.234.164:6379
2021-03-03 19:42:06.790  INFO 7496 --- [SpringContextShutdownHook] o.s.s.concurrent.ThreadPoolTaskExecutor  : Shutting down ExecutorService 'asyncExecutor'
2021-03-03 19:42:06.792  INFO 7496 --- [SpringContextShutdownHook] com.zaxxer.hikari.HikariDataSource       : HikariPool-1 - Shutdown initiated...
2021-03-03 19:42:06.797  INFO 7496 --- [SpringContextShutdownHook] com.zaxxer.hikari.HikariDataSource       : HikariPool-1 - Shutdown completed.
2021-03-03 19:42:10.595  INFO 17096 --- [main] com.oldbai.halfmoon.HalfmoonApplication  : Starting HalfmoonApplication on 老白的炸鸡堡垒 with PID 17096 (G:\MyJava\HalfMoon\halfmoon\target\classes started by 老白 in G:\MyJava\HalfMoon)
2021-03-03 19:42:10.598  INFO 17096 --- [main] com.oldbai.halfmoon.HalfmoonApplication  : No active profile set, falling back to default profiles: default
2021-03-03 19:42:11.643  INFO 17096 --- [main] .s.d.r.c.RepositoryConfigurationDelegate : Multiple Spring Data modules found, entering strict repository configuration mode!
2021-03-03 19:42:11.645  INFO 17096 --- [main] .s.d.r.c.RepositoryConfigurationDelegate : Bootstrapping Spring Data Redis repositories in DEFAULT mode.
2021-03-03 19:42:11.683  INFO 17096 --- [main] .s.d.r.c.RepositoryConfigurationDelegate : Finished Spring Data repository scanning in 23ms. Found 0 Redis repository interfaces.
2021-03-03 19:42:11.689  INFO 17096 --- [main] .s.d.r.c.RepositoryConfigurationDelegate : Multiple Spring Data modules found, entering strict repository configuration mode!
2021-03-03 19:42:11.690  INFO 17096 --- [main] .s.d.r.c.RepositoryConfigurationDelegate : Bootstrapping Spring Data Solr repositories in DEFAULT mode.
2021-03-03 19:42:11.702  INFO 17096 --- [main] .s.d.r.c.RepositoryConfigurationDelegate : Finished Spring Data repository scanning in 6ms. Found 0 Solr repository interfaces.
2021-03-03 19:42:12.135  INFO 17096 --- [main] trationDelegate$BeanPostProcessorChecker : Bean 'redisConfig' of type [com.oldbai.halfmoon.config.RedisConfig$$EnhancerBySpringCGLIB$$e1cf59fa] is not eligible for getting processed by all BeanPostProcessors (for example: not eligible for auto-proxying)
2021-03-03 19:42:12.157  INFO 17096 --- [main] trationDelegate$BeanPostProcessorChecker : Bean 'org.springframework.security.access.expression.method.DefaultMethodSecurityExpressionHandler@35ef439e' of type [org.springframework.security.access.expression.method.DefaultMethodSecurityExpressionHandler] is not eligible for getting processed by all BeanPostProcessors (for example: not eligible for auto-proxying)
2021-03-03 19:42:12.160  INFO 17096 --- [main] trationDelegate$BeanPostProcessorChecker : Bean 'methodSecurityMetadataSource' of type [org.springframework.security.access.method.DelegatingMethodSecurityMetadataSource] is not eligible for getting processed by all BeanPostProcessors (for example: not eligible for auto-proxying)
2021-03-03 19:42:12.544  INFO 17096 --- [main] o.s.b.w.embedded.tomcat.TomcatWebServer  : Tomcat initialized with port(s): 8078 (http)
2021-03-03 19:42:12.554  INFO 17096 --- [main] o.a.coyote.http11.Http11NioProtocol      : Initializing ProtocolHandler ["http-nio-8078"]
2021-03-03 19:42:12.554  INFO 17096 --- [main] o.apache.catalina.core.StandardService   : Starting service [Tomcat]
2021-03-03 19:42:12.555  INFO 17096 --- [main] org.apache.catalina.core.StandardEngine  : Starting Servlet engine: [Apache Tomcat/9.0.37]
2021-03-03 19:42:12.657  INFO 17096 --- [main] o.a.c.c.C.[Tomcat].[localhost].[/]       : Initializing Spring embedded WebApplicationContext
2021-03-03 19:42:12.657  INFO 17096 --- [main] w.s.c.ServletWebServerApplicationContext : Root WebApplicationContext: initialization completed in 2015 ms
2021-03-03 19:42:15.051  INFO 17096 --- [main] o.s.s.concurrent.ThreadPoolTaskExecutor  : Initializing ExecutorService
2021-03-03 19:42:15.052  INFO 17096 --- [main] o.s.s.concurrent.ThreadPoolTaskExecutor  : Initializing ExecutorService 'asyncExecutor'
2021-03-03 19:42:15.106  INFO 17096 --- [main] .s.s.UserDetailsServiceAutoConfiguration : 

Using generated security password: f632ecdb-2e82-4f95-bcf5-4e0d6e928647

2021-03-03 19:42:15.194  INFO 17096 --- [main] o.s.s.web.DefaultSecurityFilterChain     : Creating filter chain: any request, [org.springframework.security.web.context.request.async.WebAsyncManagerIntegrationFilter@39ead1b7, org.springframework.security.web.context.SecurityContextPersistenceFilter@11c999da, org.springframework.security.web.header.HeaderWriterFilter@13137835, org.springframework.security.web.authentication.logout.LogoutFilter@5d7ff311, org.springframework.security.web.savedrequest.RequestCacheAwareFilter@4ab86b2a, org.springframework.security.web.servletapi.SecurityContextHolderAwareRequestFilter@3a63d248, org.springframework.security.web.authentication.AnonymousAuthenticationFilter@27ec74a3, org.springframework.security.web.session.SessionManagementFilter@1e000a17, org.springframework.security.web.access.ExceptionTranslationFilter@65d6640, org.springframework.security.web.access.intercept.FilterSecurityInterceptor@96be1ae]
2021-03-03 19:42:15.231  INFO 17096 --- [main] pertySourcedRequestMappingHandlerMapping : Mapped URL path [/v2/api-docs] onto method [springfox.documentation.swagger2.web.Swagger2Controller#getDocumentation(String, HttpServletRequest)]
2021-03-03 19:42:15.676  INFO 17096 --- [main] o.a.coyote.http11.Http11NioProtocol      : Starting ProtocolHandler ["http-nio-8078"]
2021-03-03 19:42:15.697  INFO 17096 --- [main] o.s.b.w.embedded.tomcat.TomcatWebServer  : Tomcat started on port(s): 8078 (http) with context path ''
2021-03-03 19:42:15.698  INFO 17096 --- [main] d.s.w.p.DocumentationPluginsBootstrapper : Context refreshed
2021-03-03 19:42:15.714  INFO 17096 --- [main] d.s.w.p.DocumentationPluginsBootstrapper : Found 3 custom documentation plugin(s)
2021-03-03 19:42:15.748  INFO 17096 --- [main] s.d.s.w.s.ApiListingReferenceScanner     : Scanning for api listing references
2021-03-03 19:42:15.878  INFO 17096 --- [main] .d.s.w.r.o.CachingOperationNameGenerator : Generating unique operation named: getCategoriesUsingGET_1
2021-03-03 19:42:15.897  INFO 17096 --- [main] s.d.s.w.s.ApiListingReferenceScanner     : Scanning for api listing references
2021-03-03 19:42:15.923  INFO 17096 --- [main] s.d.s.w.s.ApiListingReferenceScanner     : Scanning for api listing references
2021-03-03 19:42:15.933  INFO 17096 --- [main] .d.s.w.r.o.CachingOperationNameGenerator : Generating unique operation named: getArticleUsingGET_1
2021-03-03 19:42:15.934  INFO 17096 --- [main] .d.s.w.r.o.CachingOperationNameGenerator : Generating unique operation named: listArticlesUsingGET_1
2021-03-03 19:42:15.946  INFO 17096 --- [main] .d.s.w.r.o.CachingOperationNameGenerator : Generating unique operation named: deleteCommentUsingGET_1
2021-03-03 19:42:15.947  INFO 17096 --- [main] .d.s.w.r.o.CachingOperationNameGenerator : Generating unique operation named: listCommentsUsingGET_1
2021-03-03 19:42:15.956  INFO 17096 --- [main] .d.s.w.r.o.CachingOperationNameGenerator : Generating unique operation named: getImageUsingGET_1
2021-03-03 19:42:15.976  INFO 17096 --- [main] com.oldbai.halfmoon.HalfmoonApplication  : Started HalfmoonApplication in 6.101 seconds (JVM running for 7.206)
2021-03-03 19:42:27.950  INFO 17096 --- [http-nio-8078-exec-1] o.a.c.c.C.[Tomcat].[localhost].[/]       : Initializing Spring DispatcherServlet 'dispatcherServlet'
2021-03-03 19:42:27.950  INFO 17096 --- [http-nio-8078-exec-1] o.s.web.servlet.DispatcherServlet        : Initializing Servlet 'dispatcherServlet'
2021-03-03 19:42:27.960  INFO 17096 --- [http-nio-8078-exec-1] o.s.web.servlet.DispatcherServlet        : Completed initialization in 10 ms
2021-03-03 19:42:28.036  INFO 17096 --- [http-nio-8078-exec-1] c.o.h.service.impl.UserServiceImpl       : captcha content == > 472cs
2021-03-03 19:43:16.978  INFO 17096 --- [http-nio-8078-exec-2] c.o.h.service.impl.UserServiceImpl       : key_captcha_content_
2021-03-03 19:43:17.108  INFO 17096 --- [http-nio-8078-exec-2] com.zaxxer.hikari.HikariDataSource       : HikariPool-1 - Starting...
2021-03-03 19:43:17.392  INFO 17096 --- [http-nio-8078-exec-2] com.zaxxer.hikari.HikariDataSource       : HikariPool-1 - Start completed.
2021-03-03 19:43:17.557  INFO 17096 --- [http-nio-8078-exec-2] c.o.h.service.impl.UserServiceImpl       : createNew+1
2021-03-03 19:43:17.641  INFO 17096 --- [http-nio-8078-exec-2] c.o.halfmoon.config.MyMetaObjectHandler  : start insert fill ....
2021-03-03 19:43:17.698  INFO 17096 --- [http-nio-8078-exec-3] c.o.h.service.impl.UserServiceImpl       : captcha content == > sdejz
2021-03-03 19:43:37.079  INFO 17096 --- [http-nio-8078-exec-4] c.o.h.service.impl.UserServiceImpl       : captcha content == > hkznv
2021-03-03 19:43:49.493  INFO 17096 --- [http-nio-8078-exec-5] c.o.h.service.impl.UserServiceImpl       : key_captcha_content_
2021-03-03 19:43:49.630  INFO 17096 --- [http-nio-8078-exec-5] c.o.h.service.impl.UserServiceImpl       : createNew+1
2021-03-03 19:43:49.658  INFO 17096 --- [http-nio-8078-exec-5] c.o.halfmoon.config.MyMetaObjectHandler  : start insert fill ....
2021-03-03 19:44:09.262  INFO 17096 --- [http-nio-8078-exec-6] c.o.h.service.impl.UserServiceImpl       : captcha content == > ms3t6
2021-03-03 19:44:11.053  INFO 17096 --- [http-nio-8078-exec-7] c.o.h.service.impl.UserServiceImpl       : captcha content == > atnhj
2021-03-03 19:44:54.501  INFO 17096 --- [http-nio-8078-exec-8] c.o.h.service.impl.UserServiceImpl       : captcha content == > mdh4x
2021-03-03 19:45:36.256  INFO 17096 --- [http-nio-8078-exec-9] c.o.h.service.impl.UserServiceImpl       : key_captcha_content_
2021-03-03 19:45:36.405  INFO 17096 --- [http-nio-8078-exec-9] c.o.h.service.impl.UserServiceImpl       : createNew+1
2021-03-03 19:45:36.432  INFO 17096 --- [http-nio-8078-exec-9] c.o.halfmoon.config.MyMetaObjectHandler  : start insert fill ....
2021-03-03 19:45:36.461  INFO 17096 --- [http-nio-8078-exec-10] c.o.h.service.impl.UserServiceImpl       : captcha content == > 4m3vv
2021-03-03 19:45:39.170  INFO 17096 --- [http-nio-8078-exec-1] c.o.h.service.impl.UserServiceImpl       : captcha content == > kquv7
2021-03-03 20:29:40.757  INFO 17096 --- [SpringContextShutdownHook] o.s.s.concurrent.ThreadPoolTaskExecutor  : Shutting down ExecutorService 'asyncExecutor'
2021-03-03 20:29:40.761  INFO 17096 --- [SpringContextShutdownHook] com.zaxxer.hikari.HikariDataSource       : HikariPool-1 - Shutdown initiated...
2021-03-03 20:29:40.771  INFO 17096 --- [SpringContextShutdownHook] com.zaxxer.hikari.HikariDataSource       : HikariPool-1 - Shutdown completed.
2021-03-03 20:29:49.457  INFO 4964 --- [main] com.oldbai.halfmoon.HalfmoonApplication  : Starting HalfmoonApplication on 老白的炸鸡堡垒 with PID 4964 (G:\MyJava\HalfMoon\halfmoon\target\classes started by 老白 in G:\MyJava\HalfMoon)
2021-03-03 20:29:49.463  INFO 4964 --- [main] com.oldbai.halfmoon.HalfmoonApplication  : No active profile set, falling back to default profiles: default
2021-03-03 20:29:50.754  INFO 4964 --- [main] .s.d.r.c.RepositoryConfigurationDelegate : Multiple Spring Data modules found, entering strict repository configuration mode!
2021-03-03 20:29:50.756  INFO 4964 --- [main] .s.d.r.c.RepositoryConfigurationDelegate : Bootstrapping Spring Data Redis repositories in DEFAULT mode.
2021-03-03 20:29:50.794  INFO 4964 --- [main] .s.d.r.c.RepositoryConfigurationDelegate : Finished Spring Data repository scanning in 23ms. Found 0 Redis repository interfaces.
2021-03-03 20:29:50.801  INFO 4964 --- [main] .s.d.r.c.RepositoryConfigurationDelegate : Multiple Spring Data modules found, entering strict repository configuration mode!
2021-03-03 20:29:50.801  INFO 4964 --- [main] .s.d.r.c.RepositoryConfigurationDelegate : Bootstrapping Spring Data Solr repositories in DEFAULT mode.
2021-03-03 20:29:50.815  INFO 4964 --- [main] .s.d.r.c.RepositoryConfigurationDelegate : Finished Spring Data repository scanning in 7ms. Found 0 Solr repository interfaces.
2021-03-03 20:29:51.175  INFO 4964 --- [main] trationDelegate$BeanPostProcessorChecker : Bean 'redisConfig' of type [com.oldbai.halfmoon.config.RedisConfig$$EnhancerBySpringCGLIB$$941d1576] is not eligible for getting processed by all BeanPostProcessors (for example: not eligible for auto-proxying)
2021-03-03 20:29:51.197  INFO 4964 --- [main] trationDelegate$BeanPostProcessorChecker : Bean 'org.springframework.security.access.expression.method.DefaultMethodSecurityExpressionHandler@7bc58891' of type [org.springframework.security.access.expression.method.DefaultMethodSecurityExpressionHandler] is not eligible for getting processed by all BeanPostProcessors (for example: not eligible for auto-proxying)
2021-03-03 20:29:51.200  INFO 4964 --- [main] trationDelegate$BeanPostProcessorChecker : Bean 'methodSecurityMetadataSource' of type [org.springframework.security.access.method.DelegatingMethodSecurityMetadataSource] is not eligible for getting processed by all BeanPostProcessors (for example: not eligible for auto-proxying)
2021-03-03 20:29:51.516  INFO 4964 --- [main] o.s.b.w.embedded.tomcat.TomcatWebServer  : Tomcat initialized with port(s): 8078 (http)
2021-03-03 20:29:51.524  INFO 4964 --- [main] o.a.coyote.http11.Http11NioProtocol      : Initializing ProtocolHandler ["http-nio-8078"]
2021-03-03 20:29:51.525  INFO 4964 --- [main] o.apache.catalina.core.StandardService   : Starting service [Tomcat]
2021-03-03 20:29:51.525  INFO 4964 --- [main] org.apache.catalina.core.StandardEngine  : Starting Servlet engine: [Apache Tomcat/9.0.37]
2021-03-03 20:29:51.623  INFO 4964 --- [main] o.a.c.c.C.[Tomcat].[localhost].[/]       : Initializing Spring embedded WebApplicationContext
2021-03-03 20:29:51.623  INFO 4964 --- [main] w.s.c.ServletWebServerApplicationContext : Root WebApplicationContext: initialization completed in 2075 ms
2021-03-03 20:29:54.145  INFO 4964 --- [main] o.s.s.concurrent.ThreadPoolTaskExecutor  : Initializing ExecutorService
2021-03-03 20:29:54.146  INFO 4964 --- [main] o.s.s.concurrent.ThreadPoolTaskExecutor  : Initializing ExecutorService 'asyncExecutor'
2021-03-03 20:29:54.202  INFO 4964 --- [main] .s.s.UserDetailsServiceAutoConfiguration : 

Using generated security password: 9f9e0b65-ad97-48cf-8aba-b498bd6ce54f

2021-03-03 20:29:54.303  INFO 4964 --- [main] o.s.s.web.DefaultSecurityFilterChain     : Creating filter chain: any request, [org.springframework.security.web.context.request.async.WebAsyncManagerIntegrationFilter@128a188a, org.springframework.security.web.context.SecurityContextPersistenceFilter@5909285b, org.springframework.security.web.header.HeaderWriterFilter@3b8b4846, org.springframework.security.web.authentication.logout.LogoutFilter@5e763c07, org.springframework.security.web.savedrequest.RequestCacheAwareFilter@2059f785, org.springframework.security.web.servletapi.SecurityContextHolderAwareRequestFilter@432eb882, org.springframework.security.web.authentication.AnonymousAuthenticationFilter@400008bf, org.springframework.security.web.session.SessionManagementFilter@11069eac, org.springframework.security.web.access.ExceptionTranslationFilter@1800c1e3, org.springframework.security.web.access.intercept.FilterSecurityInterceptor@57f1a1de]
2021-03-03 20:29:54.324  INFO 4964 --- [main] pertySourcedRequestMappingHandlerMapping : Mapped URL path [/v2/api-docs] onto method [springfox.documentation.swagger2.web.Swagger2Controller#getDocumentation(String, HttpServletRequest)]
2021-03-03 20:29:54.824  INFO 4964 --- [main] o.a.coyote.http11.Http11NioProtocol      : Starting ProtocolHandler ["http-nio-8078"]
2021-03-03 20:29:54.849  INFO 4964 --- [main] o.s.b.w.embedded.tomcat.TomcatWebServer  : Tomcat started on port(s): 8078 (http) with context path ''
2021-03-03 20:29:54.850  INFO 4964 --- [main] d.s.w.p.DocumentationPluginsBootstrapper : Context refreshed
2021-03-03 20:29:54.868  INFO 4964 --- [main] d.s.w.p.DocumentationPluginsBootstrapper : Found 3 custom documentation plugin(s)
2021-03-03 20:29:54.908  INFO 4964 --- [main] s.d.s.w.s.ApiListingReferenceScanner     : Scanning for api listing references
2021-03-03 20:29:55.061  INFO 4964 --- [main] .d.s.w.r.o.CachingOperationNameGenerator : Generating unique operation named: getCategoriesUsingGET_1
2021-03-03 20:29:55.080  INFO 4964 --- [main] s.d.s.w.s.ApiListingReferenceScanner     : Scanning for api listing references
2021-03-03 20:29:55.107  INFO 4964 --- [main] s.d.s.w.s.ApiListingReferenceScanner     : Scanning for api listing references
2021-03-03 20:29:55.115  INFO 4964 --- [main] .d.s.w.r.o.CachingOperationNameGenerator : Generating unique operation named: getArticleUsingGET_1
2021-03-03 20:29:55.117  INFO 4964 --- [main] .d.s.w.r.o.CachingOperationNameGenerator : Generating unique operation named: listArticlesUsingGET_1
2021-03-03 20:29:55.128  INFO 4964 --- [main] .d.s.w.r.o.CachingOperationNameGenerator : Generating unique operation named: deleteCommentUsingGET_1
2021-03-03 20:29:55.129  INFO 4964 --- [main] .d.s.w.r.o.CachingOperationNameGenerator : Generating unique operation named: listCommentsUsingGET_1
2021-03-03 20:29:55.137  INFO 4964 --- [main] .d.s.w.r.o.CachingOperationNameGenerator : Generating unique operation named: getImageUsingGET_1
2021-03-03 20:29:55.157  INFO 4964 --- [main] com.oldbai.halfmoon.HalfmoonApplication  : Started HalfmoonApplication in 6.616 seconds (JVM running for 7.911)
2021-03-03 20:30:18.334  INFO 4964 --- [SpringContextShutdownHook] o.s.s.concurrent.ThreadPoolTaskExecutor  : Shutting down ExecutorService 'asyncExecutor'
2021-03-03 20:30:24.336  INFO 5872 --- [main] com.oldbai.halfmoon.HalfmoonApplication  : Starting HalfmoonApplication on 老白的炸鸡堡垒 with PID 5872 (G:\MyJava\HalfMoon\halfmoon\target\classes started by 老白 in G:\MyJava\HalfMoon)
2021-03-03 20:30:24.339  INFO 5872 --- [main] com.oldbai.halfmoon.HalfmoonApplication  : No active profile set, falling back to default profiles: default
2021-03-03 20:30:25.239  INFO 5872 --- [main] .s.d.r.c.RepositoryConfigurationDelegate : Multiple Spring Data modules found, entering strict repository configuration mode!
2021-03-03 20:30:25.242  INFO 5872 --- [main] .s.d.r.c.RepositoryConfigurationDelegate : Bootstrapping Spring Data Redis repositories in DEFAULT mode.
2021-03-03 20:30:25.281  INFO 5872 --- [main] .s.d.r.c.RepositoryConfigurationDelegate : Finished Spring Data repository scanning in 24ms. Found 0 Redis repository interfaces.
2021-03-03 20:30:25.287  INFO 5872 --- [main] .s.d.r.c.RepositoryConfigurationDelegate : Multiple Spring Data modules found, entering strict repository configuration mode!
2021-03-03 20:30:25.287  INFO 5872 --- [main] .s.d.r.c.RepositoryConfigurationDelegate : Bootstrapping Spring Data Solr repositories in DEFAULT mode.
2021-03-03 20:30:25.299  INFO 5872 --- [main] .s.d.r.c.RepositoryConfigurationDelegate : Finished Spring Data repository scanning in 5ms. Found 0 Solr repository interfaces.
2021-03-03 20:30:25.637  INFO 5872 --- [main] trationDelegate$BeanPostProcessorChecker : Bean 'redisConfig' of type [com.oldbai.halfmoon.config.RedisConfig$$EnhancerBySpringCGLIB$$16c01299] is not eligible for getting processed by all BeanPostProcessors (for example: not eligible for auto-proxying)
2021-03-03 20:30:25.664  INFO 5872 --- [main] trationDelegate$BeanPostProcessorChecker : Bean 'org.springframework.security.access.expression.method.DefaultMethodSecurityExpressionHandler@318c68d5' of type [org.springframework.security.access.expression.method.DefaultMethodSecurityExpressionHandler] is not eligible for getting processed by all BeanPostProcessors (for example: not eligible for auto-proxying)
2021-03-03 20:30:25.669  INFO 5872 --- [main] trationDelegate$BeanPostProcessorChecker : Bean 'methodSecurityMetadataSource' of type [org.springframework.security.access.method.DelegatingMethodSecurityMetadataSource] is not eligible for getting processed by all BeanPostProcessors (for example: not eligible for auto-proxying)
2021-03-03 20:30:26.079  INFO 5872 --- [main] o.s.b.w.embedded.tomcat.TomcatWebServer  : Tomcat initialized with port(s): 8078 (http)
2021-03-03 20:30:26.088  INFO 5872 --- [main] o.a.coyote.http11.Http11NioProtocol      : Initializing ProtocolHandler ["http-nio-8078"]
2021-03-03 20:30:26.089  INFO 5872 --- [main] o.apache.catalina.core.StandardService   : Starting service [Tomcat]
2021-03-03 20:30:26.090  INFO 5872 --- [main] org.apache.catalina.core.StandardEngine  : Starting Servlet engine: [Apache Tomcat/9.0.37]
2021-03-03 20:30:26.202  INFO 5872 --- [main] o.a.c.c.C.[Tomcat].[localhost].[/]       : Initializing Spring embedded WebApplicationContext
2021-03-03 20:30:26.203  INFO 5872 --- [main] w.s.c.ServletWebServerApplicationContext : Root WebApplicationContext: initialization completed in 1818 ms
2021-03-03 20:30:28.655  INFO 5872 --- [main] o.s.s.concurrent.ThreadPoolTaskExecutor  : Initializing ExecutorService
2021-03-03 20:30:28.659  INFO 5872 --- [main] o.s.s.concurrent.ThreadPoolTaskExecutor  : Initializing ExecutorService 'asyncExecutor'
2021-03-03 20:30:28.725  INFO 5872 --- [main] .s.s.UserDetailsServiceAutoConfiguration : 

Using generated security password: 8b5ccc7d-1ba7-42cd-810d-3f1d6ea2efd4

2021-03-03 20:30:28.830  INFO 5872 --- [main] o.s.s.web.DefaultSecurityFilterChain     : Creating filter chain: any request, [org.springframework.security.web.context.request.async.WebAsyncManagerIntegrationFilter@5939f047, org.springframework.security.web.context.SecurityContextPersistenceFilter@32069394, org.springframework.security.web.header.HeaderWriterFilter@3063be68, org.springframework.security.web.authentication.logout.LogoutFilter@99223ac, org.springframework.security.web.savedrequest.RequestCacheAwareFilter@5dba3fdc, org.springframework.security.web.servletapi.SecurityContextHolderAwareRequestFilter@4efed0e0, org.springframework.security.web.authentication.AnonymousAuthenticationFilter@17332039, org.springframework.security.web.session.SessionManagementFilter@2aa0feb2, org.springframework.security.web.access.ExceptionTranslationFilter@50e8ed74, org.springframework.security.web.access.intercept.FilterSecurityInterceptor@6071631f]
2021-03-03 20:30:28.853  INFO 5872 --- [main] pertySourcedRequestMappingHandlerMapping : Mapped URL path [/v2/api-docs] onto method [springfox.documentation.swagger2.web.Swagger2Controller#getDocumentation(String, HttpServletRequest)]
2021-03-03 20:30:29.349  INFO 5872 --- [main] o.a.coyote.http11.Http11NioProtocol      : Starting ProtocolHandler ["http-nio-8078"]
2021-03-03 20:30:29.372  INFO 5872 --- [main] o.s.b.w.embedded.tomcat.TomcatWebServer  : Tomcat started on port(s): 8078 (http) with context path ''
2021-03-03 20:30:29.374  INFO 5872 --- [main] d.s.w.p.DocumentationPluginsBootstrapper : Context refreshed
2021-03-03 20:30:29.393  INFO 5872 --- [main] d.s.w.p.DocumentationPluginsBootstrapper : Found 3 custom documentation plugin(s)
2021-03-03 20:30:29.427  INFO 5872 --- [main] s.d.s.w.s.ApiListingReferenceScanner     : Scanning for api listing references
2021-03-03 20:30:29.580  INFO 5872 --- [http-nio-8078-exec-1] o.a.c.c.C.[Tomcat].[localhost].[/]       : Initializing Spring DispatcherServlet 'dispatcherServlet'
2021-03-03 20:30:29.580  INFO 5872 --- [http-nio-8078-exec-1] o.s.web.servlet.DispatcherServlet        : Initializing Servlet 'dispatcherServlet'
2021-03-03 20:30:29.585  INFO 5872 --- [main] .d.s.w.r.o.CachingOperationNameGenerator : Generating unique operation named: getCategoriesUsingGET_1
2021-03-03 20:30:29.591  INFO 5872 --- [http-nio-8078-exec-1] o.s.web.servlet.DispatcherServlet        : Completed initialization in 11 ms
2021-03-03 20:30:29.605  INFO 5872 --- [main] s.d.s.w.s.ApiListingReferenceScanner     : Scanning for api listing references
2021-03-03 20:30:29.637  INFO 5872 --- [main] s.d.s.w.s.ApiListingReferenceScanner     : Scanning for api listing references
2021-03-03 20:30:29.652  INFO 5872 --- [main] .d.s.w.r.o.CachingOperationNameGenerator : Generating unique operation named: getArticleUsingGET_1
2021-03-03 20:30:29.654  INFO 5872 --- [main] .d.s.w.r.o.CachingOperationNameGenerator : Generating unique operation named: listArticlesUsingGET_1
2021-03-03 20:30:29.671  INFO 5872 --- [main] .d.s.w.r.o.CachingOperationNameGenerator : Generating unique operation named: deleteCommentUsingGET_1
2021-03-03 20:30:29.676  INFO 5872 --- [main] .d.s.w.r.o.CachingOperationNameGenerator : Generating unique operation named: listCommentsUsingGET_1
2021-03-03 20:30:29.685  INFO 5872 --- [main] .d.s.w.r.o.CachingOperationNameGenerator : Generating unique operation named: getImageUsingGET_1
2021-03-03 20:30:29.717  INFO 5872 --- [main] com.oldbai.halfmoon.HalfmoonApplication  : Started HalfmoonApplication in 6.135 seconds (JVM running for 7.394)
2021-03-03 20:33:18.717  INFO 5872 --- [http-nio-8078-exec-3] c.o.h.service.impl.UserServiceImpl       : captcha content == > zrwvd
2021-03-03 20:36:00.818  INFO 5872 --- [http-nio-8078-exec-7] c.o.h.service.impl.UserServiceImpl       : captcha content == > f8uwn
2021-03-03 20:37:46.236  INFO 5872 --- [http-nio-8078-exec-9] c.o.h.service.impl.UserServiceImpl       : captcha content == > c6tab
2021-03-03 20:40:16.787  INFO 5872 --- [http-nio-8078-exec-1] c.o.h.service.impl.UserServiceImpl       : captcha content == > mgmpz
2021-03-03 20:43:19.488  INFO 5872 --- [http-nio-8078-exec-2] c.o.h.service.impl.UserServiceImpl       : captcha content == > jtme9
2021-03-03 20:43:23.687  INFO 5872 --- [http-nio-8078-exec-3] c.o.h.service.impl.UserServiceImpl       : key_captcha_content_
2021-03-03 20:43:23.808  INFO 5872 --- [http-nio-8078-exec-3] com.zaxxer.hikari.HikariDataSource       : HikariPool-1 - Starting...
2021-03-03 20:43:24.051  INFO 5872 --- [http-nio-8078-exec-3] com.zaxxer.hikari.HikariDataSource       : HikariPool-1 - Start completed.
2021-03-03 20:43:24.174  INFO 5872 --- [http-nio-8078-exec-3] c.o.h.service.impl.UserServiceImpl       : createNew+1
2021-03-03 20:43:24.211  INFO 5872 --- [http-nio-8078-exec-3] c.o.halfmoon.config.MyMetaObjectHandler  : start insert fill ....
2021-03-03 20:43:24.237  INFO 5872 --- [http-nio-8078-exec-5] c.o.h.service.impl.UserServiceImpl       : captcha content == > rb5wu
2021-03-03 20:44:08.971  INFO 5872 --- [http-nio-8078-exec-8] c.o.h.service.impl.UserServiceImpl       : captcha content == > gqzbr
2021-03-03 20:44:11.596  INFO 5872 --- [http-nio-8078-exec-6] c.o.h.service.impl.UserServiceImpl       : captcha content == > 4ye4n
2021-03-03 20:44:46.878  INFO 5872 --- [http-nio-8078-exec-9] c.o.h.service.impl.UserServiceImpl       : key_captcha_content_
2021-03-03 20:44:47.116  INFO 5872 --- [http-nio-8078-exec-9] c.o.h.service.impl.UserServiceImpl       : createNew+1
2021-03-03 20:44:47.145  INFO 5872 --- [http-nio-8078-exec-9] c.o.halfmoon.config.MyMetaObjectHandler  : start insert fill ....
2021-03-03 20:44:47.170  INFO 5872 --- [http-nio-8078-exec-10] c.o.h.service.impl.UserServiceImpl       : captcha content == > tcjyj
2021-03-03 20:44:47.182  INFO 5872 --- [http-nio-8078-exec-1] o.a.catalina.connector.CoyoteAdapter     : Encountered a non-recycled response and recycled it forcedly.

org.apache.catalina.connector.CoyoteAdapter$RecycleRequiredException: null
	at org.apache.catalina.connector.CoyoteAdapter.checkRecycled(CoyoteAdapter.java:525)
	at org.apache.coyote.http11.Http11Processor.recycle(Http11Processor.java:1352)
	at org.apache.coyote.AbstractProtocol$ConnectionHandler.release(AbstractProtocol.java:1072)
	at org.apache.coyote.AbstractProtocol$ConnectionHandler.process(AbstractProtocol.java:993)
	at org.apache.tomcat.util.net.NioEndpoint$SocketProcessor.doRun(NioEndpoint.java:1589)
	at org.apache.tomcat.util.net.SocketProcessorBase.run(SocketProcessorBase.java:49)
	at java.util.concurrent.ThreadPoolExecutor.runWorker(ThreadPoolExecutor.java:1149)
	at java.util.concurrent.ThreadPoolExecutor$Worker.run(ThreadPoolExecutor.java:624)
	at org.apache.tomcat.util.threads.TaskThread$WrappingRunnable.run(TaskThread.java:61)
	at java.lang.Thread.run(Thread.java:748)

2021-03-03 20:47:39.500  INFO 5872 --- [http-nio-8078-exec-2] c.o.h.service.impl.UserServiceImpl       : captcha content == > pgzdt
2021-03-03 20:47:47.120  INFO 5872 --- [http-nio-8078-exec-3] c.o.h.service.impl.UserServiceImpl       : key_captcha_content_
2021-03-03 20:47:47.263  INFO 5872 --- [http-nio-8078-exec-3] c.o.h.service.impl.UserServiceImpl       : createNew+1
2021-03-03 20:47:47.292  INFO 5872 --- [http-nio-8078-exec-3] c.o.halfmoon.config.MyMetaObjectHandler  : start insert fill ....
2021-03-03 20:47:47.335  INFO 5872 --- [http-nio-8078-exec-7] c.o.h.service.impl.UserServiceImpl       : captcha content == > ttpsh
2021-03-03 20:47:57.129  INFO 5872 --- [http-nio-8078-exec-8] c.o.h.service.impl.UserServiceImpl       : captcha content == > wmvcu
2021-03-03 20:48:04.463  INFO 5872 --- [http-nio-8078-exec-6] c.o.h.service.impl.UserServiceImpl       : captcha content == > wm36t
2021-03-03 20:48:10.768  INFO 5872 --- [http-nio-8078-exec-9] c.o.h.service.impl.UserServiceImpl       : key_captcha_content_
2021-03-03 20:48:10.905  INFO 5872 --- [http-nio-8078-exec-9] c.o.h.service.impl.UserServiceImpl       : createNew+1
2021-03-03 20:48:10.935  INFO 5872 --- [http-nio-8078-exec-9] c.o.halfmoon.config.MyMetaObjectHandler  : start insert fill ....
2021-03-03 20:48:10.964  INFO 5872 --- [http-nio-8078-exec-1] c.o.h.service.impl.UserServiceImpl       : captcha content == > mmqsu
2021-03-03 20:48:25.881  INFO 5872 --- [http-nio-8078-exec-4] c.o.h.service.impl.UserServiceImpl       : key_captcha_content_
2021-03-03 20:48:25.922  INFO 5872 --- [http-nio-8078-exec-2] c.o.h.service.impl.UserServiceImpl       : captcha content == > s9agt
2021-03-03 20:50:14.668  INFO 5872 --- [http-nio-8078-exec-7] c.o.h.service.impl.UserServiceImpl       : captcha content == > hsttz
2021-03-03 20:50:24.638  INFO 5872 --- [http-nio-8078-exec-5] c.o.h.service.impl.UserServiceImpl       : key_captcha_content_
2021-03-03 20:50:24.680  INFO 5872 --- [http-nio-8078-exec-8] c.o.h.service.impl.UserServiceImpl       : captcha content == > cmdht
2021-03-03 20:50:46.869  INFO 5872 --- [http-nio-8078-exec-6] c.o.h.service.impl.UserServiceImpl       : key_captcha_content_
2021-03-03 20:50:47.105  INFO 5872 --- [http-nio-8078-exec-6] c.o.h.service.impl.UserServiceImpl       : createNew+1
2021-03-03 20:50:47.133  INFO 5872 --- [http-nio-8078-exec-6] c.o.halfmoon.config.MyMetaObjectHandler  : start insert fill ....
2021-03-03 20:50:47.153  INFO 5872 --- [http-nio-8078-exec-9] c.o.h.service.impl.UserServiceImpl       : captcha content == > hwh8e
2021-03-03 20:51:18.004  INFO 5872 --- [http-nio-8078-exec-10] c.o.h.service.impl.UserServiceImpl       : captcha content == > sp9ju
2021-03-03 20:51:24.391  INFO 5872 --- [http-nio-8078-exec-4] c.o.h.service.impl.UserServiceImpl       : key_captcha_content_
2021-03-03 20:51:24.430  INFO 5872 --- [http-nio-8078-exec-2] c.o.h.service.impl.UserServiceImpl       : captcha content == > w6kjw
2021-03-03 20:51:35.108  INFO 5872 --- [http-nio-8078-exec-3] c.o.h.service.impl.UserServiceImpl       : key_captcha_content_
2021-03-03 20:51:35.243  INFO 5872 --- [http-nio-8078-exec-3] c.o.h.service.impl.UserServiceImpl       : createNew+1
2021-03-03 20:51:35.272  INFO 5872 --- [http-nio-8078-exec-3] c.o.halfmoon.config.MyMetaObjectHandler  : start insert fill ....
2021-03-03 20:51:35.287  INFO 5872 --- [http-nio-8078-exec-7] c.o.h.service.impl.UserServiceImpl       : captcha content == > pdhdm
2021-03-03 20:52:35.550  INFO 5872 --- [http-nio-8078-exec-9] c.o.h.service.impl.UserServiceImpl       : key_captcha_content_
2021-03-03 20:52:35.684  INFO 5872 --- [http-nio-8078-exec-9] c.o.h.service.impl.UserServiceImpl       : createNew+1
2021-03-03 20:52:35.712  INFO 5872 --- [http-nio-8078-exec-9] c.o.halfmoon.config.MyMetaObjectHandler  : start insert fill ....
2021-03-03 20:52:35.731  INFO 5872 --- [http-nio-8078-exec-1] c.o.h.service.impl.UserServiceImpl       : captcha content == > ee76h
2021-03-03 20:53:44.214  INFO 5872 --- [http-nio-8078-exec-2] c.o.h.service.impl.UserServiceImpl       : captcha content == > v6ty4
2021-03-03 20:53:50.318  INFO 5872 --- [http-nio-8078-exec-3] c.o.h.service.impl.UserServiceImpl       : key_captcha_content_
2021-03-03 20:53:50.461  INFO 5872 --- [http-nio-8078-exec-3] c.o.h.service.impl.UserServiceImpl       : createNew+1
2021-03-03 20:53:50.489  INFO 5872 --- [http-nio-8078-exec-3] c.o.halfmoon.config.MyMetaObjectHandler  : start insert fill ....
2021-03-03 20:53:50.514  INFO 5872 --- [http-nio-8078-exec-7] c.o.h.service.impl.UserServiceImpl       : captcha content == > tt66t
2021-03-03 20:54:34.504  INFO 5872 --- [http-nio-8078-exec-8] c.o.h.service.impl.UserServiceImpl       : captcha content == > dutd4
2021-03-03 20:54:44.181  INFO 5872 --- [http-nio-8078-exec-6] c.o.h.service.impl.UserServiceImpl       : key_captcha_content_
2021-03-03 20:54:44.316  INFO 5872 --- [http-nio-8078-exec-6] c.o.h.service.impl.UserServiceImpl       : createNew+1
2021-03-03 20:54:44.344  INFO 5872 --- [http-nio-8078-exec-6] c.o.halfmoon.config.MyMetaObjectHandler  : start insert fill ....
2021-03-03 20:54:44.364  INFO 5872 --- [http-nio-8078-exec-1] o.a.catalina.connector.CoyoteAdapter     : Encountered a non-recycled response and recycled it forcedly.

org.apache.catalina.connector.CoyoteAdapter$RecycleRequiredException: null
	at org.apache.catalina.connector.CoyoteAdapter.checkRecycled(CoyoteAdapter.java:525)
	at org.apache.coyote.http11.Http11Processor.recycle(Http11Processor.java:1352)
	at org.apache.coyote.AbstractProtocol$ConnectionHandler.release(AbstractProtocol.java:1072)
	at org.apache.coyote.AbstractProtocol$ConnectionHandler.process(AbstractProtocol.java:993)
	at org.apache.tomcat.util.net.NioEndpoint$SocketProcessor.doRun(NioEndpoint.java:1589)
	at org.apache.tomcat.util.net.SocketProcessorBase.run(SocketProcessorBase.java:49)
	at java.util.concurrent.ThreadPoolExecutor.runWorker(ThreadPoolExecutor.java:1149)
	at java.util.concurrent.ThreadPoolExecutor$Worker.run(ThreadPoolExecutor.java:624)
	at org.apache.tomcat.util.threads.TaskThread$WrappingRunnable.run(TaskThread.java:61)
	at java.lang.Thread.run(Thread.java:748)

2021-03-03 20:54:44.365  INFO 5872 --- [http-nio-8078-exec-9] c.o.h.service.impl.UserServiceImpl       : captcha content == > mhtvy
2021-03-03 20:55:23.865  INFO 5872 --- [http-nio-8078-exec-10] c.o.h.service.impl.UserServiceImpl       : captcha content == > qu7u7
2021-03-03 20:55:36.434  INFO 5872 --- [http-nio-8078-exec-4] c.o.h.service.impl.UserServiceImpl       : key_captcha_content_
2021-03-03 20:55:36.680  INFO 5872 --- [http-nio-8078-exec-4] c.o.h.service.impl.UserServiceImpl       : createNew+1
2021-03-03 20:55:36.707  INFO 5872 --- [http-nio-8078-exec-4] c.o.halfmoon.config.MyMetaObjectHandler  : start insert fill ....
2021-03-03 20:55:36.729  INFO 5872 --- [http-nio-8078-exec-2] c.o.h.service.impl.UserServiceImpl       : captcha content == > pk3pd
2021-03-03 20:56:18.086  INFO 5872 --- [http-nio-8078-exec-5] c.o.h.service.impl.UserServiceImpl       : captcha content == > rwxmn
2021-03-03 20:56:28.612  INFO 5872 --- [http-nio-8078-exec-7] c.o.h.service.impl.UserServiceImpl       : key_captcha_content_
2021-03-03 20:56:28.746  INFO 5872 --- [http-nio-8078-exec-7] c.o.h.service.impl.UserServiceImpl       : createNew+1
2021-03-03 20:56:28.774  INFO 5872 --- [http-nio-8078-exec-7] c.o.halfmoon.config.MyMetaObjectHandler  : start insert fill ....
2021-03-03 20:56:28.791  INFO 5872 --- [http-nio-8078-exec-8] c.o.h.service.impl.UserServiceImpl       : captcha content == > gvfrb
2021-03-03 20:56:57.523  INFO 5872 --- [http-nio-8078-exec-1] c.o.h.service.impl.UserServiceImpl       : captcha content == > 8yfkt
2021-03-03 20:57:04.750  INFO 5872 --- [http-nio-8078-exec-9] c.o.h.service.impl.UserServiceImpl       : key_captcha_content_
2021-03-03 20:57:04.883  INFO 5872 --- [http-nio-8078-exec-9] c.o.h.service.impl.UserServiceImpl       : createNew+1
2021-03-03 20:57:04.911  INFO 5872 --- [http-nio-8078-exec-9] c.o.halfmoon.config.MyMetaObjectHandler  : start insert fill ....
2021-03-03 20:57:04.931  INFO 5872 --- [http-nio-8078-exec-10] c.o.h.service.impl.UserServiceImpl       : captcha content == > trtzw
2021-03-03 20:57:35.574  INFO 5872 --- [http-nio-8078-exec-2] c.o.h.service.impl.UserServiceImpl       : captcha content == > acaat
2021-03-03 20:57:40.882  INFO 5872 --- [http-nio-8078-exec-3] c.o.h.service.impl.UserServiceImpl       : captcha content == > nubqf
2021-03-03 20:57:49.996  INFO 5872 --- [http-nio-8078-exec-5] c.o.h.service.impl.UserServiceImpl       : key_captcha_content_
2021-03-03 20:57:50.130  INFO 5872 --- [http-nio-8078-exec-5] c.o.h.service.impl.UserServiceImpl       : createNew+1
2021-03-03 20:57:50.159  INFO 5872 --- [http-nio-8078-exec-5] c.o.halfmoon.config.MyMetaObjectHandler  : start insert fill ....
2021-03-03 20:57:50.179  INFO 5872 --- [http-nio-8078-exec-7] c.o.h.service.impl.UserServiceImpl       : captcha content == > yqexu
2021-03-03 21:00:34.082  INFO 5872 --- [http-nio-8078-exec-1] c.o.h.service.impl.UserServiceImpl       : captcha content == > 9mwat
2021-03-03 21:00:43.732  INFO 5872 --- [http-nio-8078-exec-9] c.o.h.service.impl.UserServiceImpl       : key_captcha_content_
2021-03-03 21:00:43.865  INFO 5872 --- [http-nio-8078-exec-9] c.o.h.service.impl.UserServiceImpl       : createNew+1
2021-03-03 21:00:43.893  INFO 5872 --- [http-nio-8078-exec-9] c.o.halfmoon.config.MyMetaObjectHandler  : start insert fill ....
2021-03-03 21:00:43.914  INFO 5872 --- [http-nio-8078-exec-10] c.o.h.service.impl.UserServiceImpl       : captcha content == > zpj5x
2021-03-03 21:01:55.937  INFO 5872 --- [http-nio-8078-exec-3] c.o.h.service.impl.UserServiceImpl       : captcha content == > xc6m4
2021-03-03 21:02:04.035  INFO 5872 --- [http-nio-8078-exec-5] c.o.h.service.impl.UserServiceImpl       : captcha content == > 7atyc
2021-03-03 21:02:11.262  INFO 5872 --- [http-nio-8078-exec-7] c.o.h.service.impl.UserServiceImpl       : key_captcha_content_
2021-03-03 21:02:11.395  INFO 5872 --- [http-nio-8078-exec-7] c.o.h.service.impl.UserServiceImpl       : createNew+1
2021-03-03 21:02:11.424  INFO 5872 --- [http-nio-8078-exec-7] c.o.halfmoon.config.MyMetaObjectHandler  : start insert fill ....
2021-03-03 21:02:11.445  INFO 5872 --- [http-nio-8078-exec-8] c.o.h.service.impl.UserServiceImpl       : captcha content == > 2zg2h
2021-03-03 21:02:35.473  INFO 5872 --- [http-nio-8078-exec-9] c.o.h.service.impl.UserServiceImpl       : captcha content == > stpsy
2021-03-03 21:02:44.539  INFO 5872 --- [http-nio-8078-exec-10] c.o.h.service.impl.UserServiceImpl       : key_captcha_content_
2021-03-03 21:02:44.677  INFO 5872 --- [http-nio-8078-exec-10] c.o.h.service.impl.UserServiceImpl       : createNew+1
2021-03-03 21:02:44.706  INFO 5872 --- [http-nio-8078-exec-10] c.o.halfmoon.config.MyMetaObjectHandler  : start insert fill ....
2021-03-03 21:02:44.730  INFO 5872 --- [http-nio-8078-exec-4] c.o.h.service.impl.UserServiceImpl       : captcha content == > netn9
2021-03-03 21:03:59.220  INFO 5872 --- [http-nio-8078-exec-7] c.o.h.service.impl.UserServiceImpl       : captcha content == > f2mr6
2021-03-03 21:04:07.626  INFO 5872 --- [http-nio-8078-exec-6] c.o.h.service.impl.UserServiceImpl       : key_captcha_content_
2021-03-03 21:04:07.758  INFO 5872 --- [http-nio-8078-exec-6] c.o.h.service.impl.UserServiceImpl       : createNew+1
2021-03-03 21:04:07.786  INFO 5872 --- [http-nio-8078-exec-6] c.o.halfmoon.config.MyMetaObjectHandler  : start insert fill ....
2021-03-03 21:04:07.809  INFO 5872 --- [http-nio-8078-exec-8] c.o.h.service.impl.UserServiceImpl       : captcha content == > 7qfmj
2021-03-03 21:04:16.945  INFO 5872 --- [http-nio-8078-exec-9] c.o.h.service.impl.UserServiceImpl       : captcha content == > gg36x
2021-03-03 21:04:25.157  INFO 5872 --- [http-nio-8078-exec-10] c.o.h.service.impl.UserServiceImpl       : key_captcha_content_
2021-03-03 21:04:25.290  INFO 5872 --- [http-nio-8078-exec-10] c.o.h.service.impl.UserServiceImpl       : createNew+1
2021-03-03 21:04:25.317  INFO 5872 --- [http-nio-8078-exec-10] c.o.halfmoon.config.MyMetaObjectHandler  : start insert fill ....
2021-03-03 21:04:25.338  INFO 5872 --- [http-nio-8078-exec-2] c.o.h.service.impl.UserServiceImpl       : captcha content == > mde4e
2021-03-03 21:04:58.035  INFO 5872 --- [http-nio-8078-exec-3] c.o.h.service.impl.UserServiceImpl       : captcha content == > ay3tq
2021-03-03 21:05:57.846  INFO 5872 --- [http-nio-8078-exec-5] c.o.h.service.impl.UserServiceImpl       : key_captcha_content_
2021-03-03 21:05:58.001  INFO 5872 --- [http-nio-8078-exec-5] c.o.h.service.impl.UserServiceImpl       : createNew+1
2021-03-03 21:05:58.028  INFO 5872 --- [http-nio-8078-exec-5] c.o.halfmoon.config.MyMetaObjectHandler  : start insert fill ....
2021-03-03 21:05:58.046  INFO 5872 --- [http-nio-8078-exec-7] c.o.h.service.impl.UserServiceImpl       : captcha content == > zjs4b
2021-03-03 21:07:17.411  INFO 5872 --- [http-nio-8078-exec-4] c.o.h.service.impl.UserServiceImpl       : captcha content == > nec7s
2021-03-03 21:07:24.653  INFO 5872 --- [http-nio-8078-exec-3] c.o.h.service.impl.UserServiceImpl       : key_captcha_content_
2021-03-03 21:07:24.785  INFO 5872 --- [http-nio-8078-exec-3] c.o.h.service.impl.UserServiceImpl       : createNew+1
2021-03-03 21:07:24.813  INFO 5872 --- [http-nio-8078-exec-3] c.o.halfmoon.config.MyMetaObjectHandler  : start insert fill ....
2021-03-03 21:07:24.828  INFO 5872 --- [http-nio-8078-exec-5] c.o.h.service.impl.UserServiceImpl       : captcha content == > rkvwf
2021-03-03 21:07:59.618  INFO 5872 --- [http-nio-8078-exec-1] c.o.h.service.impl.UserServiceImpl       : captcha content == > p2tvz
2021-03-03 21:08:04.021  INFO 5872 --- [http-nio-8078-exec-9] c.o.h.service.impl.UserServiceImpl       : key_captcha_content_
2021-03-03 21:08:04.153  INFO 5872 --- [http-nio-8078-exec-9] c.o.h.service.impl.UserServiceImpl       : createNew+1
2021-03-03 21:08:04.181  INFO 5872 --- [http-nio-8078-exec-9] c.o.halfmoon.config.MyMetaObjectHandler  : start insert fill ....
2021-03-03 21:08:04.197  INFO 5872 --- [http-nio-8078-exec-10] c.o.h.service.impl.UserServiceImpl       : captcha content == > zs2ej
2021-03-03 21:08:27.264  INFO 5872 --- [http-nio-8078-exec-3] c.o.h.service.impl.UserServiceImpl       : captcha content == > nzaqk
2021-03-03 21:08:32.321  INFO 5872 --- [http-nio-8078-exec-5] c.o.h.service.impl.UserServiceImpl       : key_captcha_content_
2021-03-03 21:08:32.359  INFO 5872 --- [http-nio-8078-exec-7] c.o.h.service.impl.UserServiceImpl       : captcha content == > f4q64
2021-03-03 21:09:11.300  INFO 5872 --- [http-nio-8078-exec-6] c.o.h.service.impl.UserServiceImpl       : key_captcha_content_
2021-03-03 21:09:11.431  INFO 5872 --- [http-nio-8078-exec-6] c.o.h.service.impl.UserServiceImpl       : createNew+1
2021-03-03 21:09:11.457  INFO 5872 --- [http-nio-8078-exec-6] c.o.halfmoon.config.MyMetaObjectHandler  : start insert fill ....
2021-03-03 21:09:11.472  INFO 5872 --- [http-nio-8078-exec-8] c.o.h.service.impl.UserServiceImpl       : captcha content == > nzwhw
2021-03-03 21:09:22.695  INFO 5872 --- [http-nio-8078-exec-2] c.o.h.service.impl.UserServiceImpl       : captcha content == > ccghw
2021-03-03 21:09:39.465  INFO 5872 --- [http-nio-8078-exec-5] c.o.h.service.impl.UserServiceImpl       : captcha content == > fg6rt
2021-03-03 21:09:54.391  INFO 5872 --- [http-nio-8078-exec-7] c.o.h.service.impl.UserServiceImpl       : key_captcha_content_
2021-03-03 21:09:54.521  INFO 5872 --- [http-nio-8078-exec-7] c.o.h.service.impl.UserServiceImpl       : createNew+0
2021-03-03 21:09:54.549  INFO 5872 --- [http-nio-8078-exec-7] c.o.halfmoon.config.MyMetaObjectHandler  : start insert fill ....
2021-03-03 21:09:54.566  INFO 5872 --- [http-nio-8078-exec-6] c.o.h.service.impl.UserServiceImpl       : captcha content == > rtscu
2021-03-03 21:13:59.583  INFO 5872 --- [http-nio-8078-exec-8] c.o.h.service.impl.UserServiceImpl       : captcha content == > batc9
2021-03-03 21:14:03.600  INFO 5872 --- [http-nio-8078-exec-10] c.o.h.service.impl.UserServiceImpl       : captcha content == > 2ecvp
2021-03-03 21:14:26.514  INFO 5872 --- [http-nio-8078-exec-9] c.o.h.service.impl.UserServiceImpl       : key_captcha_content_
2021-03-03 21:14:26.755  INFO 5872 --- [http-nio-8078-exec-9] c.o.h.service.impl.UserServiceImpl       : createNew+1
2021-03-03 21:14:26.783  INFO 5872 --- [http-nio-8078-exec-9] c.o.halfmoon.config.MyMetaObjectHandler  : start insert fill ....
2021-03-03 21:14:26.803  INFO 5872 --- [http-nio-8078-exec-4] o.a.catalina.connector.CoyoteAdapter     : Encountered a non-recycled response and recycled it forcedly.

org.apache.catalina.connector.CoyoteAdapter$RecycleRequiredException: null
	at org.apache.catalina.connector.CoyoteAdapter.checkRecycled(CoyoteAdapter.java:525)
	at org.apache.coyote.http11.Http11Processor.recycle(Http11Processor.java:1352)
	at org.apache.coyote.AbstractProtocol$ConnectionHandler.release(AbstractProtocol.java:1072)
	at org.apache.coyote.AbstractProtocol$ConnectionHandler.process(AbstractProtocol.java:993)
	at org.apache.tomcat.util.net.NioEndpoint$SocketProcessor.doRun(NioEndpoint.java:1589)
	at org.apache.tomcat.util.net.SocketProcessorBase.run(SocketProcessorBase.java:49)
	at java.util.concurrent.ThreadPoolExecutor.runWorker(ThreadPoolExecutor.java:1149)
	at java.util.concurrent.ThreadPoolExecutor$Worker.run(ThreadPoolExecutor.java:624)
	at org.apache.tomcat.util.threads.TaskThread$WrappingRunnable.run(TaskThread.java:61)
	at java.lang.Thread.run(Thread.java:748)

2021-03-03 21:14:26.804  INFO 5872 --- [http-nio-8078-exec-2] c.o.h.service.impl.UserServiceImpl       : captcha content == > urkuu
2021-03-03 21:15:30.427  INFO 5872 --- [http-nio-8078-exec-5] c.o.h.service.impl.UserServiceImpl       : captcha content == > jfwkb
2021-03-03 21:16:19.388  INFO 5872 --- [http-nio-8078-exec-8] c.o.h.service.impl.UserServiceImpl       : key_captcha_content_
2021-03-03 21:16:19.523  INFO 5872 --- [http-nio-8078-exec-8] c.o.h.service.impl.UserServiceImpl       : createNew+1
2021-03-03 21:16:19.550  INFO 5872 --- [http-nio-8078-exec-8] c.o.halfmoon.config.MyMetaObjectHandler  : start insert fill ....
2021-03-03 21:16:19.565  INFO 5872 --- [http-nio-8078-exec-10] c.o.h.service.impl.UserServiceImpl       : captcha content == > 4vqgc
2021-03-03 21:16:47.314  INFO 5872 --- [http-nio-8078-exec-4] c.o.h.service.impl.UserServiceImpl       : captcha content == > h7cxb
2021-03-03 21:17:08.558  INFO 5872 --- [http-nio-8078-exec-3] c.o.h.service.impl.UserServiceImpl       : key_captcha_content_
2021-03-03 21:17:08.689  INFO 5872 --- [http-nio-8078-exec-3] c.o.h.service.impl.UserServiceImpl       : createNew+1
2021-03-03 21:17:08.717  INFO 5872 --- [http-nio-8078-exec-3] c.o.halfmoon.config.MyMetaObjectHandler  : start insert fill ....
2021-03-03 21:17:08.731  INFO 5872 --- [http-nio-8078-exec-5] c.o.h.service.impl.UserServiceImpl       : captcha content == > mzwgc
2021-03-03 21:17:22.156  INFO 5872 --- [http-nio-8078-exec-1] c.o.h.service.impl.UserServiceImpl       : captcha content == > agvcj
2021-03-03 21:17:38.101  INFO 5872 --- [http-nio-8078-exec-8] c.o.h.service.impl.UserServiceImpl       : key_captcha_content_
2021-03-03 21:17:38.235  INFO 5872 --- [http-nio-8078-exec-8] c.o.h.service.impl.UserServiceImpl       : createNew+1
2021-03-03 21:17:38.261  INFO 5872 --- [http-nio-8078-exec-8] c.o.halfmoon.config.MyMetaObjectHandler  : start insert fill ....
2021-03-03 21:17:38.280  INFO 5872 --- [http-nio-8078-exec-10] c.o.h.service.impl.UserServiceImpl       : captcha content == > 2cpws
2021-03-03 21:19:29.578  INFO 5872 --- [http-nio-8078-exec-6] c.o.h.service.impl.UserServiceImpl       : captcha content == > xccgs
2021-03-03 21:19:42.095  INFO 5872 --- [http-nio-8078-exec-1] c.o.h.service.impl.UserServiceImpl       : key_captcha_content_
2021-03-03 21:19:42.229  INFO 5872 --- [http-nio-8078-exec-1] c.o.h.service.impl.UserServiceImpl       : createNew+1
2021-03-03 21:19:42.256  INFO 5872 --- [http-nio-8078-exec-1] c.o.halfmoon.config.MyMetaObjectHandler  : start insert fill ....
2021-03-03 21:19:42.272  INFO 5872 --- [http-nio-8078-exec-9] o.a.catalina.connector.CoyoteAdapter     : Encountered a non-recycled response and recycled it forcedly.

org.apache.catalina.connector.CoyoteAdapter$RecycleRequiredException: null
	at org.apache.catalina.connector.CoyoteAdapter.checkRecycled(CoyoteAdapter.java:525)
	at org.apache.coyote.http11.Http11Processor.recycle(Http11Processor.java:1352)
	at org.apache.coyote.AbstractProtocol$ConnectionHandler.release(AbstractProtocol.java:1072)
	at org.apache.coyote.AbstractProtocol$ConnectionHandler.process(AbstractProtocol.java:993)
	at org.apache.tomcat.util.net.NioEndpoint$SocketProcessor.doRun(NioEndpoint.java:1589)
	at org.apache.tomcat.util.net.SocketProcessorBase.run(SocketProcessorBase.java:49)
	at java.util.concurrent.ThreadPoolExecutor.runWorker(ThreadPoolExecutor.java:1149)
	at java.util.concurrent.ThreadPoolExecutor$Worker.run(ThreadPoolExecutor.java:624)
	at org.apache.tomcat.util.threads.TaskThread$WrappingRunnable.run(TaskThread.java:61)
	at java.lang.Thread.run(Thread.java:748)

2021-03-03 21:19:42.273  INFO 5872 --- [http-nio-8078-exec-8] c.o.h.service.impl.UserServiceImpl       : captcha content == > ajzcj
2021-03-03 21:20:07.305  INFO 5872 --- [http-nio-8078-exec-10] c.o.h.service.impl.UserServiceImpl       : key_captcha_content_
2021-03-03 21:20:07.469  INFO 5872 --- [http-nio-8078-exec-10] c.o.h.service.impl.UserServiceImpl       : createNew+1
2021-03-03 21:20:07.497  INFO 5872 --- [http-nio-8078-exec-10] c.o.halfmoon.config.MyMetaObjectHandler  : start insert fill ....
2021-03-03 21:20:07.525  INFO 5872 --- [http-nio-8078-exec-4] c.o.h.service.impl.UserServiceImpl       : captcha content == > nnkvn
2021-03-03 21:20:36.230  INFO 5872 --- [http-nio-8078-exec-3] c.o.h.service.impl.UserServiceImpl       : captcha content == > jysec
2021-03-03 21:20:48.841  INFO 5872 --- [http-nio-8078-exec-5] c.o.h.service.impl.UserServiceImpl       : key_captcha_content_
2021-03-03 21:20:48.974  INFO 5872 --- [http-nio-8078-exec-5] c.o.h.service.impl.UserServiceImpl       : createNew+1
2021-03-03 21:20:49.000  INFO 5872 --- [http-nio-8078-exec-5] c.o.halfmoon.config.MyMetaObjectHandler  : start insert fill ....
2021-03-03 21:20:49.019  INFO 5872 --- [http-nio-8078-exec-7] c.o.h.service.impl.UserServiceImpl       : captcha content == > vgnyf
2021-03-03 21:23:25.303  INFO 5872 --- [http-nio-8078-exec-8] c.o.h.service.impl.UserServiceImpl       : captcha content == > 6pm5q
2021-03-03 21:23:32.110  INFO 5872 --- [http-nio-8078-exec-10] c.o.h.service.impl.UserServiceImpl       : key_captcha_content_
2021-03-03 21:23:32.244  INFO 5872 --- [http-nio-8078-exec-10] c.o.h.service.impl.UserServiceImpl       : createNew+1
2021-03-03 21:23:32.271  INFO 5872 --- [http-nio-8078-exec-10] c.o.halfmoon.config.MyMetaObjectHandler  : start insert fill ....
2021-03-03 21:23:32.294  INFO 5872 --- [http-nio-8078-exec-4] c.o.h.service.impl.UserServiceImpl       : captcha content == > rgwef
2021-03-03 21:25:11.422  INFO 5872 --- [http-nio-8078-exec-9] c.o.h.service.impl.UserServiceImpl       : captcha content == > aftjy
2021-03-03 21:26:12.437  INFO 5872 --- [http-nio-8078-exec-2] c.o.h.service.impl.UserServiceImpl       : captcha content == > 9sdgu
2021-03-03 21:26:21.638  INFO 5872 --- [http-nio-8078-exec-3] c.o.h.service.impl.UserServiceImpl       : key_captcha_content_
2021-03-03 21:26:21.676  INFO 5872 --- [http-nio-8078-exec-5] c.o.h.service.impl.UserServiceImpl       : captcha content == > pnyah
2021-03-03 21:26:25.933  INFO 5872 --- [http-nio-8078-exec-6] c.o.h.service.impl.UserServiceImpl       : key_captcha_content_
2021-03-03 21:26:26.065  INFO 5872 --- [http-nio-8078-exec-6] c.o.h.service.impl.UserServiceImpl       : createNew+1
2021-03-03 21:26:26.093  INFO 5872 --- [http-nio-8078-exec-6] c.o.halfmoon.config.MyMetaObjectHandler  : start insert fill ....
2021-03-03 21:26:26.107  INFO 5872 --- [http-nio-8078-exec-7] c.o.h.service.impl.UserServiceImpl       : captcha content == > kjd6h
2021-03-03 21:27:31.070  INFO 5872 --- [http-nio-8078-exec-1] c.o.h.service.impl.UserServiceImpl       : captcha content == > emhsm
2021-03-03 21:28:40.523  INFO 5872 --- [http-nio-8078-exec-8] c.o.h.service.impl.UserServiceImpl       : key_captcha_content_
2021-03-03 21:28:40.655  INFO 5872 --- [http-nio-8078-exec-8] c.o.h.service.impl.UserServiceImpl       : createNew+1
2021-03-03 21:28:40.682  INFO 5872 --- [http-nio-8078-exec-8] c.o.halfmoon.config.MyMetaObjectHandler  : start insert fill ....
2021-03-03 21:28:40.698  INFO 5872 --- [http-nio-8078-exec-10] c.o.h.service.impl.UserServiceImpl       : captcha content == > fdmtz
2021-03-03 21:28:48.397  INFO 5872 --- [http-nio-8078-exec-6] c.o.h.service.impl.UserServiceImpl       : captcha content == > vz7xn
2021-03-03 21:29:02.035  INFO 5872 --- [http-nio-8078-exec-7] c.o.h.service.impl.UserServiceImpl       : key_captcha_content_
2021-03-03 21:29:02.168  INFO 5872 --- [http-nio-8078-exec-7] c.o.h.service.impl.UserServiceImpl       : createNew+1
2021-03-03 21:29:02.194  INFO 5872 --- [http-nio-8078-exec-7] c.o.halfmoon.config.MyMetaObjectHandler  : start insert fill ....
2021-03-03 21:29:02.211  INFO 5872 --- [http-nio-8078-exec-1] c.o.h.service.impl.UserServiceImpl       : captcha content == > qwpgm
2021-03-03 21:29:46.479  INFO 5872 --- [http-nio-8078-exec-2] c.o.h.service.impl.UserServiceImpl       : captcha content == > 5dvjw
2021-03-03 21:30:47.538  INFO 5872 --- [http-nio-8078-exec-5] c.o.h.service.impl.UserServiceImpl       : key_captcha_content_
2021-03-03 21:30:47.672  INFO 5872 --- [http-nio-8078-exec-5] c.o.h.service.impl.UserServiceImpl       : createNew+1
2021-03-03 21:30:47.699  INFO 5872 --- [http-nio-8078-exec-5] c.o.halfmoon.config.MyMetaObjectHandler  : start insert fill ....
2021-03-03 21:30:47.715  INFO 5872 --- [http-nio-8078-exec-6] c.o.h.service.impl.UserServiceImpl       : captcha content == > gecpd
2021-03-03 21:31:11.941  INFO 5872 --- [http-nio-8078-exec-3] c.o.h.service.impl.UserServiceImpl       : captcha content == > ceepk
2021-03-03 21:31:15.398  INFO 5872 --- [http-nio-8078-exec-6] c.o.h.service.impl.UserServiceImpl       : captcha content == > 6yjqr
2021-03-03 21:31:24.096  INFO 5872 --- [http-nio-8078-exec-7] c.o.h.service.impl.UserServiceImpl       : key_captcha_content_
2021-03-03 21:31:24.228  INFO 5872 --- [http-nio-8078-exec-7] c.o.h.service.impl.UserServiceImpl       : createNew+1
2021-03-03 21:31:24.255  INFO 5872 --- [http-nio-8078-exec-7] c.o.halfmoon.config.MyMetaObjectHandler  : start insert fill ....
2021-03-03 21:31:24.271  INFO 5872 --- [http-nio-8078-exec-1] o.a.catalina.connector.CoyoteAdapter     : Encountered a non-recycled response and recycled it forcedly.

org.apache.catalina.connector.CoyoteAdapter$RecycleRequiredException: null
	at org.apache.catalina.connector.CoyoteAdapter.checkRecycled(CoyoteAdapter.java:525)
	at org.apache.coyote.http11.Http11Processor.recycle(Http11Processor.java:1352)
	at org.apache.coyote.AbstractProtocol$ConnectionHandler.release(AbstractProtocol.java:1072)
	at org.apache.coyote.AbstractProtocol$ConnectionHandler.process(AbstractProtocol.java:993)
	at org.apache.tomcat.util.net.NioEndpoint$SocketProcessor.doRun(NioEndpoint.java:1589)
	at org.apache.tomcat.util.net.SocketProcessorBase.run(SocketProcessorBase.java:49)
	at java.util.concurrent.ThreadPoolExecutor.runWorker(ThreadPoolExecutor.java:1149)
	at java.util.concurrent.ThreadPoolExecutor$Worker.run(ThreadPoolExecutor.java:624)
	at org.apache.tomcat.util.threads.TaskThread$WrappingRunnable.run(TaskThread.java:61)
	at java.lang.Thread.run(Thread.java:748)

2021-03-03 21:31:24.271  INFO 5872 --- [http-nio-8078-exec-9] c.o.h.service.impl.UserServiceImpl       : captcha content == > vhvwe
2021-03-03 21:31:38.565  INFO 5872 --- [http-nio-8078-exec-8] c.o.h.service.impl.UserServiceImpl       : key_captcha_content_
2021-03-03 21:31:38.702  INFO 5872 --- [http-nio-8078-exec-8] c.o.h.service.impl.UserServiceImpl       : createNew+1
2021-03-03 21:31:38.729  INFO 5872 --- [http-nio-8078-exec-8] c.o.halfmoon.config.MyMetaObjectHandler  : start insert fill ....
2021-03-03 21:31:38.773  INFO 5872 --- [http-nio-8078-exec-10] c.o.h.service.impl.UserServiceImpl       : captcha content == > p2dqn
2021-03-03 21:32:26.948  INFO 5872 --- [http-nio-8078-exec-7] c.o.h.service.impl.UserServiceImpl       : captcha content == > vpv4n
2021-03-03 21:32:59.758  INFO 5872 --- [http-nio-8078-exec-1] c.o.h.service.impl.UserServiceImpl       : key_captcha_content_
2021-03-03 21:32:59.891  INFO 5872 --- [http-nio-8078-exec-1] c.o.h.service.impl.UserServiceImpl       : createNew+1
2021-03-03 21:32:59.919  INFO 5872 --- [http-nio-8078-exec-1] c.o.halfmoon.config.MyMetaObjectHandler  : start insert fill ....
2021-03-03 21:32:59.936  INFO 5872 --- [http-nio-8078-exec-9] c.o.h.service.impl.UserServiceImpl       : captcha content == > p74f4
2021-03-03 21:33:25.001  INFO 5872 --- [http-nio-8078-exec-6] c.o.h.service.impl.UserServiceImpl       : captcha content == > arzqd
2021-03-03 21:34:25.060  INFO 5872 --- [http-nio-8078-exec-7] c.o.h.service.impl.UserServiceImpl       : key_captcha_content_
2021-03-03 21:34:25.194  INFO 5872 --- [http-nio-8078-exec-7] c.o.h.service.impl.UserServiceImpl       : createNew+1
2021-03-03 21:34:25.221  INFO 5872 --- [http-nio-8078-exec-7] c.o.halfmoon.config.MyMetaObjectHandler  : start insert fill ....
2021-03-03 21:34:25.236  INFO 5872 --- [http-nio-8078-exec-1] c.o.h.service.impl.UserServiceImpl       : captcha content == > rtkf8
2021-03-03 21:36:30.411  INFO 5872 --- [SpringContextShutdownHook] o.s.s.concurrent.ThreadPoolTaskExecutor  : Shutting down ExecutorService 'asyncExecutor'
2021-03-03 21:36:30.412  INFO 5872 --- [SpringContextShutdownHook] com.zaxxer.hikari.HikariDataSource       : HikariPool-1 - Shutdown initiated...
2021-03-03 21:36:30.418  INFO 5872 --- [SpringContextShutdownHook] com.zaxxer.hikari.HikariDataSource       : HikariPool-1 - Shutdown completed.
