2021-03-04 19:34:03.562  INFO 17080 --- [main] com.oldbai.halfmoon.HalfmoonApplication  : Starting HalfmoonApplication on 老白的炸鸡堡垒 with PID 17080 (G:\MyJava\HalfMoon\halfmoon\target\classes started by 老白 in G:\MyJava\HalfMoon)
2021-03-04 19:34:03.568  INFO 17080 --- [main] com.oldbai.halfmoon.HalfmoonApplication  : No active profile set, falling back to default profiles: default
2021-03-04 19:34:04.458  INFO 17080 --- [main] .s.d.r.c.RepositoryConfigurationDelegate : Multiple Spring Data modules found, entering strict repository configuration mode!
2021-03-04 19:34:04.460  INFO 17080 --- [main] .s.d.r.c.RepositoryConfigurationDelegate : Bootstrapping Spring Data Redis repositories in DEFAULT mode.
2021-03-04 19:34:04.499  INFO 17080 --- [main] .s.d.r.c.RepositoryConfigurationDelegate : Finished Spring Data repository scanning in 20ms. Found 0 Redis repository interfaces.
2021-03-04 19:34:04.503  INFO 17080 --- [main] .s.d.r.c.RepositoryConfigurationDelegate : Multiple Spring Data modules found, entering strict repository configuration mode!
2021-03-04 19:34:04.507  INFO 17080 --- [main] .s.d.r.c.RepositoryConfigurationDelegate : Bootstrapping Spring Data Solr repositories in DEFAULT mode.
2021-03-04 19:34:04.516  INFO 17080 --- [main] .s.d.r.c.RepositoryConfigurationDelegate : Finished Spring Data repository scanning in 5ms. Found 0 Solr repository interfaces.
2021-03-04 19:34:04.814  INFO 17080 --- [main] trationDelegate$BeanPostProcessorChecker : Bean 'redisConfig' of type [com.oldbai.halfmoon.config.RedisConfig$$EnhancerBySpringCGLIB$$a49855cb] is not eligible for getting processed by all BeanPostProcessors (for example: not eligible for auto-proxying)
2021-03-04 19:34:04.830  INFO 17080 --- [main] trationDelegate$BeanPostProcessorChecker : Bean 'org.springframework.security.access.expression.method.DefaultMethodSecurityExpressionHandler@7237f3c1' of type [org.springframework.security.access.expression.method.DefaultMethodSecurityExpressionHandler] is not eligible for getting processed by all BeanPostProcessors (for example: not eligible for auto-proxying)
2021-03-04 19:34:04.834  INFO 17080 --- [main] trationDelegate$BeanPostProcessorChecker : Bean 'methodSecurityMetadataSource' of type [org.springframework.security.access.method.DelegatingMethodSecurityMetadataSource] is not eligible for getting processed by all BeanPostProcessors (for example: not eligible for auto-proxying)
2021-03-04 19:34:05.141  INFO 17080 --- [main] o.s.b.w.embedded.tomcat.TomcatWebServer  : Tomcat initialized with port(s): 8078 (http)
2021-03-04 19:34:05.150  INFO 17080 --- [main] o.a.coyote.http11.Http11NioProtocol      : Initializing ProtocolHandler ["http-nio-8078"]
2021-03-04 19:34:05.150  INFO 17080 --- [main] o.apache.catalina.core.StandardService   : Starting service [Tomcat]
2021-03-04 19:34:05.150  INFO 17080 --- [main] org.apache.catalina.core.StandardEngine  : Starting Servlet engine: [Apache Tomcat/9.0.37]
2021-03-04 19:34:05.253  INFO 17080 --- [main] o.a.c.c.C.[Tomcat].[localhost].[/]       : Initializing Spring embedded WebApplicationContext
2021-03-04 19:34:05.253  INFO 17080 --- [main] w.s.c.ServletWebServerApplicationContext : Root WebApplicationContext: initialization completed in 1638 ms
2021-03-04 19:34:08.654  INFO 17080 --- [main] o.s.s.concurrent.ThreadPoolTaskExecutor  : Initializing ExecutorService
2021-03-04 19:34:08.656  INFO 17080 --- [main] o.s.s.concurrent.ThreadPoolTaskExecutor  : Initializing ExecutorService 'asyncExecutor'
2021-03-04 19:34:08.738  INFO 17080 --- [main] .s.s.UserDetailsServiceAutoConfiguration : 

Using generated security password: 8d56f9d1-393c-404e-83f4-504017898275

2021-03-04 19:34:08.862  INFO 17080 --- [main] o.s.s.web.DefaultSecurityFilterChain     : Creating filter chain: any request, [org.springframework.security.web.context.request.async.WebAsyncManagerIntegrationFilter@57b3d869, org.springframework.security.web.context.SecurityContextPersistenceFilter@2aa811f9, org.springframework.security.web.header.HeaderWriterFilter@4552f905, org.springframework.security.web.authentication.logout.LogoutFilter@75aa7703, org.springframework.security.web.savedrequest.RequestCacheAwareFilter@7d4da729, org.springframework.security.web.servletapi.SecurityContextHolderAwareRequestFilter@5d93ff21, org.springframework.security.web.authentication.AnonymousAuthenticationFilter@51f4439e, org.springframework.security.web.session.SessionManagementFilter@48da64f2, org.springframework.security.web.access.ExceptionTranslationFilter@558127d2, org.springframework.security.web.access.intercept.FilterSecurityInterceptor@3278d065]
2021-03-04 19:34:08.926  INFO 17080 --- [main] pertySourcedRequestMappingHandlerMapping : Mapped URL path [/v2/api-docs] onto method [springfox.documentation.swagger2.web.Swagger2Controller#getDocumentation(String, HttpServletRequest)]
2021-03-04 19:34:09.538  INFO 17080 --- [main] o.a.coyote.http11.Http11NioProtocol      : Starting ProtocolHandler ["http-nio-8078"]
2021-03-04 19:34:09.581  INFO 17080 --- [main] o.s.b.w.embedded.tomcat.TomcatWebServer  : Tomcat started on port(s): 8078 (http) with context path ''
2021-03-04 19:34:09.582  INFO 17080 --- [main] d.s.w.p.DocumentationPluginsBootstrapper : Context refreshed
2021-03-04 19:34:09.601  INFO 17080 --- [main] d.s.w.p.DocumentationPluginsBootstrapper : Found 3 custom documentation plugin(s)
2021-03-04 19:34:09.685  INFO 17080 --- [main] s.d.s.w.s.ApiListingReferenceScanner     : Scanning for api listing references
2021-03-04 19:34:09.863  INFO 17080 --- [main] .d.s.w.r.o.CachingOperationNameGenerator : Generating unique operation named: getCategoriesUsingGET_1
2021-03-04 19:34:09.878  INFO 17080 --- [main] s.d.s.w.s.ApiListingReferenceScanner     : Scanning for api listing references
2021-03-04 19:34:09.902  INFO 17080 --- [main] s.d.s.w.s.ApiListingReferenceScanner     : Scanning for api listing references
2021-03-04 19:34:09.914  INFO 17080 --- [main] .d.s.w.r.o.CachingOperationNameGenerator : Generating unique operation named: getArticleUsingGET_1
2021-03-04 19:34:09.914  INFO 17080 --- [main] .d.s.w.r.o.CachingOperationNameGenerator : Generating unique operation named: listArticlesUsingGET_1
2021-03-04 19:34:09.925  INFO 17080 --- [main] .d.s.w.r.o.CachingOperationNameGenerator : Generating unique operation named: deleteCommentUsingGET_1
2021-03-04 19:34:09.926  INFO 17080 --- [main] .d.s.w.r.o.CachingOperationNameGenerator : Generating unique operation named: listCommentsUsingGET_1
2021-03-04 19:34:09.934  INFO 17080 --- [main] .d.s.w.r.o.CachingOperationNameGenerator : Generating unique operation named: getImageUsingGET_1
2021-03-04 19:34:09.954  INFO 17080 --- [main] com.oldbai.halfmoon.HalfmoonApplication  : Started HalfmoonApplication in 6.982 seconds (JVM running for 9.249)
2021-03-04 22:06:20.661  INFO 17080 --- [http-nio-8078-exec-1] o.a.c.c.C.[Tomcat].[localhost].[/]       : Initializing Spring DispatcherServlet 'dispatcherServlet'
2021-03-04 22:06:20.661  INFO 17080 --- [http-nio-8078-exec-1] o.s.web.servlet.DispatcherServlet        : Initializing Servlet 'dispatcherServlet'
2021-03-04 22:06:20.676  INFO 17080 --- [http-nio-8078-exec-1] o.s.web.servlet.DispatcherServlet        : Completed initialization in 15 ms
2021-03-04 22:06:22.112  INFO 17080 --- [http-nio-8078-exec-1] com.zaxxer.hikari.HikariDataSource       : HikariPool-1 - Starting...
2021-03-04 22:06:22.514  INFO 17080 --- [http-nio-8078-exec-1] com.zaxxer.hikari.HikariDataSource       : HikariPool-1 - Start completed.
2021-03-04 22:06:23.134  INFO 17080 --- [http-nio-8078-exec-3] c.o.h.service.impl.UserServiceImpl       : captcha content == > qt54v
2021-03-04 22:06:28.544  INFO 17080 --- [http-nio-8078-exec-4] c.o.h.service.impl.UserServiceImpl       : key_captcha_content_
2021-03-04 22:06:29.444  INFO 17080 --- [http-nio-8078-exec-4] c.o.h.service.impl.UserServiceImpl       : createNew+1
2021-03-04 22:06:29.559  INFO 17080 --- [http-nio-8078-exec-4] c.o.halfmoon.config.MyMetaObjectHandler  : start insert fill ....
2021-03-04 22:06:29.592  INFO 17080 --- [http-nio-8078-exec-5] c.o.h.service.impl.UserServiceImpl       : captcha content == > mcq3y
2021-03-04 22:06:46.883  INFO 17080 --- [http-nio-8078-exec-10] c.o.h.service.impl.UserServiceImpl       : captcha content == > gahfg
2021-03-04 22:07:22.200  INFO 17080 --- [http-nio-8078-exec-1] c.o.h.service.impl.UserServiceImpl       : key_captcha_content_
2021-03-04 22:07:22.334  INFO 17080 --- [http-nio-8078-exec-1] c.o.h.service.impl.UserServiceImpl       : createNew+1
2021-03-04 22:07:22.362  INFO 17080 --- [http-nio-8078-exec-1] c.o.halfmoon.config.MyMetaObjectHandler  : start insert fill ....
2021-03-04 22:07:22.379  INFO 17080 --- [http-nio-8078-exec-2] c.o.h.service.impl.UserServiceImpl       : captcha content == > strpg
2021-03-04 22:20:46.969  INFO 17080 --- [http-nio-8078-exec-5] c.o.h.exception.ExceptionController      : Redis command timed out; nested exception is io.lettuce.core.RedisCommandTimeoutException: Command timed out after 5 second(s)
2021-03-04 22:20:51.993  INFO 17080 --- [http-nio-8078-exec-7] c.o.h.exception.ExceptionController      : Redis command timed out; nested exception is io.lettuce.core.RedisCommandTimeoutException: Command timed out after 5 second(s)
2021-03-04 22:20:52.075  INFO 17080 --- [http-nio-8078-exec-8] c.o.h.service.impl.UserServiceImpl       : captcha content == > g6qey
2021-03-04 22:21:03.570  INFO 17080 --- [lettuce-eventExecutorLoop-1-7] i.l.core.protocol.ConnectionWatchdog     : Reconnecting, last destination was /47.106.234.164:6379
2021-03-04 22:21:03.712  INFO 17080 --- [lettuce-nioEventLoop-4-2] i.l.core.protocol.ReconnectionHandler    : Reconnected to 47.106.234.164:6379
2021-03-04 22:30:05.108  INFO 17080 --- [http-nio-8078-exec-5] o.a.catalina.connector.CoyoteAdapter     : Encountered a non-recycled response and recycled it forcedly.

org.apache.catalina.connector.CoyoteAdapter$RecycleRequiredException: null
	at org.apache.catalina.connector.CoyoteAdapter.checkRecycled(CoyoteAdapter.java:525)
	at org.apache.coyote.http11.Http11Processor.recycle(Http11Processor.java:1352)
	at org.apache.coyote.AbstractProtocol$ConnectionHandler.release(AbstractProtocol.java:1072)
	at org.apache.coyote.AbstractProtocol$ConnectionHandler.process(AbstractProtocol.java:993)
	at org.apache.tomcat.util.net.NioEndpoint$SocketProcessor.doRun(NioEndpoint.java:1589)
	at org.apache.tomcat.util.net.SocketProcessorBase.run(SocketProcessorBase.java:49)
	at java.util.concurrent.ThreadPoolExecutor.runWorker(ThreadPoolExecutor.java:1149)
	at java.util.concurrent.ThreadPoolExecutor$Worker.run(ThreadPoolExecutor.java:624)
	at org.apache.tomcat.util.threads.TaskThread$WrappingRunnable.run(TaskThread.java:61)
	at java.lang.Thread.run(Thread.java:748)

2021-03-04 22:54:51.625  INFO 17080 --- [http-nio-8078-exec-7] c.o.h.exception.ExceptionController      : Redis command timed out; nested exception is io.lettuce.core.RedisCommandTimeoutException: io.lettuce.core.RedisCommandTimeoutException: Command timed out after 5 second(s)
2021-03-04 22:54:55.321  INFO 17080 --- [http-nio-8078-exec-8] c.o.h.exception.ExceptionController      : Redis command timed out; nested exception is io.lettuce.core.RedisCommandTimeoutException: Command timed out after 5 second(s)
2021-03-04 22:55:00.342  INFO 17080 --- [http-nio-8078-exec-6] c.o.h.exception.ExceptionController      : Redis command timed out; nested exception is io.lettuce.core.RedisCommandTimeoutException: Command timed out after 5 second(s)
2021-03-04 22:55:00.411  INFO 17080 --- [http-nio-8078-exec-9] c.o.h.service.impl.UserServiceImpl       : captcha content == > 47p7h
2021-03-04 22:55:05.871  INFO 17080 --- [lettuce-eventExecutorLoop-1-2] i.l.core.protocol.ConnectionWatchdog     : Reconnecting, last destination was /47.106.234.164:6379
2021-03-04 22:55:05.899  INFO 17080 --- [lettuce-nioEventLoop-4-3] i.l.core.protocol.ReconnectionHandler    : Reconnected to 47.106.234.164:6379
2021-03-04 22:55:39.911  INFO 17080 --- [http-nio-8078-exec-4] c.o.h.exception.ExceptionController      : Redis command timed out; nested exception is io.lettuce.core.RedisCommandTimeoutException: Command timed out after 5 second(s)
2021-03-04 22:55:44.937  INFO 17080 --- [http-nio-8078-exec-5] c.o.h.exception.ExceptionController      : Redis command timed out; nested exception is io.lettuce.core.RedisCommandTimeoutException: io.lettuce.core.RedisCommandTimeoutException: Command timed out after 5 second(s)
2021-03-04 22:55:48.730  INFO 17080 --- [http-nio-8078-exec-7] c.o.h.exception.ExceptionController      : Redis command timed out; nested exception is io.lettuce.core.RedisCommandTimeoutException: Command timed out after 5 second(s)
2021-03-04 22:55:53.753  INFO 17080 --- [http-nio-8078-exec-8] c.o.h.exception.ExceptionController      : Redis command timed out; nested exception is io.lettuce.core.RedisCommandTimeoutException: Command timed out after 5 second(s)
2021-03-04 22:55:53.813  INFO 17080 --- [http-nio-8078-exec-6] c.o.h.service.impl.UserServiceImpl       : captcha content == > 4p8f7
2021-03-04 22:55:58.902  INFO 17080 --- [http-nio-8078-exec-10] c.o.h.service.impl.UserServiceImpl       : captcha content == > pyxgm
2021-03-04 22:56:03.176  INFO 17080 --- [http-nio-8078-exec-9] c.o.h.exception.ExceptionController      : Redis command timed out; nested exception is io.lettuce.core.RedisCommandTimeoutException: Command timed out after 5 second(s)
2021-03-04 22:56:17.486  INFO 17080 --- [http-nio-8078-exec-1] c.o.h.exception.ExceptionController      : Redis command timed out; nested exception is io.lettuce.core.RedisCommandTimeoutException: Command timed out after 5 second(s)
2021-03-04 22:56:17.579  INFO 17080 --- [http-nio-8078-exec-2] c.o.h.service.impl.UserServiceImpl       : captcha content == > as3gn
2021-03-04 22:56:47.779  INFO 17080 --- [http-nio-8078-exec-3] c.o.h.exception.ExceptionController      : Redis command timed out; nested exception is io.lettuce.core.RedisCommandTimeoutException: Command timed out after 5 second(s)
2021-03-04 22:56:47.836  INFO 17080 --- [http-nio-8078-exec-4] c.o.h.service.impl.UserServiceImpl       : captcha content == > wd3up
2021-03-04 22:57:31.035  INFO 17080 --- [SpringContextShutdownHook] o.s.s.concurrent.ThreadPoolTaskExecutor  : Shutting down ExecutorService 'asyncExecutor'
2021-03-04 22:57:31.037  INFO 17080 --- [SpringContextShutdownHook] com.zaxxer.hikari.HikariDataSource       : HikariPool-1 - Shutdown initiated...
2021-03-04 22:57:31.042  INFO 17080 --- [SpringContextShutdownHook] com.zaxxer.hikari.HikariDataSource       : HikariPool-1 - Shutdown completed.
2021-03-04 22:57:35.678  INFO 11468 --- [main] com.oldbai.halfmoon.HalfmoonApplication  : Starting HalfmoonApplication on 老白的炸鸡堡垒 with PID 11468 (G:\MyJava\HalfMoon\halfmoon\target\classes started by 老白 in G:\MyJava\HalfMoon)
2021-03-04 22:57:35.682  INFO 11468 --- [main] com.oldbai.halfmoon.HalfmoonApplication  : No active profile set, falling back to default profiles: default
2021-03-04 22:57:36.875  INFO 11468 --- [main] .s.d.r.c.RepositoryConfigurationDelegate : Multiple Spring Data modules found, entering strict repository configuration mode!
2021-03-04 22:57:36.877  INFO 11468 --- [main] .s.d.r.c.RepositoryConfigurationDelegate : Bootstrapping Spring Data Redis repositories in DEFAULT mode.
2021-03-04 22:57:36.919  INFO 11468 --- [main] .s.d.r.c.RepositoryConfigurationDelegate : Finished Spring Data repository scanning in 25ms. Found 0 Redis repository interfaces.
2021-03-04 22:57:36.928  INFO 11468 --- [main] .s.d.r.c.RepositoryConfigurationDelegate : Multiple Spring Data modules found, entering strict repository configuration mode!
2021-03-04 22:57:36.928  INFO 11468 --- [main] .s.d.r.c.RepositoryConfigurationDelegate : Bootstrapping Spring Data Solr repositories in DEFAULT mode.
2021-03-04 22:57:36.941  INFO 11468 --- [main] .s.d.r.c.RepositoryConfigurationDelegate : Finished Spring Data repository scanning in 6ms. Found 0 Solr repository interfaces.
2021-03-04 22:57:37.290  INFO 11468 --- [main] trationDelegate$BeanPostProcessorChecker : Bean 'redisConfig' of type [com.oldbai.halfmoon.config.RedisConfig$$EnhancerBySpringCGLIB$$2353fc5] is not eligible for getting processed by all BeanPostProcessors (for example: not eligible for auto-proxying)
2021-03-04 22:57:37.314  INFO 11468 --- [main] trationDelegate$BeanPostProcessorChecker : Bean 'org.springframework.security.access.expression.method.DefaultMethodSecurityExpressionHandler@10e5bf9c' of type [org.springframework.security.access.expression.method.DefaultMethodSecurityExpressionHandler] is not eligible for getting processed by all BeanPostProcessors (for example: not eligible for auto-proxying)
2021-03-04 22:57:37.322  INFO 11468 --- [main] trationDelegate$BeanPostProcessorChecker : Bean 'methodSecurityMetadataSource' of type [org.springframework.security.access.method.DelegatingMethodSecurityMetadataSource] is not eligible for getting processed by all BeanPostProcessors (for example: not eligible for auto-proxying)
2021-03-04 22:57:37.746  INFO 11468 --- [main] o.s.b.w.embedded.tomcat.TomcatWebServer  : Tomcat initialized with port(s): 8078 (http)
2021-03-04 22:57:37.759  INFO 11468 --- [main] o.a.coyote.http11.Http11NioProtocol      : Initializing ProtocolHandler ["http-nio-8078"]
2021-03-04 22:57:37.761  INFO 11468 --- [main] o.apache.catalina.core.StandardService   : Starting service [Tomcat]
2021-03-04 22:57:37.764  INFO 11468 --- [main] org.apache.catalina.core.StandardEngine  : Starting Servlet engine: [Apache Tomcat/9.0.37]
2021-03-04 22:57:37.931  INFO 11468 --- [main] o.a.c.c.C.[Tomcat].[localhost].[/]       : Initializing Spring embedded WebApplicationContext
2021-03-04 22:57:37.931  INFO 11468 --- [main] w.s.c.ServletWebServerApplicationContext : Root WebApplicationContext: initialization completed in 2186 ms
2021-03-04 22:57:40.459  INFO 11468 --- [main] o.s.s.concurrent.ThreadPoolTaskExecutor  : Initializing ExecutorService
2021-03-04 22:57:40.461  INFO 11468 --- [main] o.s.s.concurrent.ThreadPoolTaskExecutor  : Initializing ExecutorService 'asyncExecutor'
2021-03-04 22:57:40.537  INFO 11468 --- [main] .s.s.UserDetailsServiceAutoConfiguration : 

Using generated security password: b922e2bd-67c8-48a0-b276-1db74d9472be

2021-03-04 22:57:40.627  INFO 11468 --- [main] o.s.s.web.DefaultSecurityFilterChain     : Creating filter chain: any request, [org.springframework.security.web.context.request.async.WebAsyncManagerIntegrationFilter@4b5aa48b, org.springframework.security.web.context.SecurityContextPersistenceFilter@47c5cbf2, org.springframework.security.web.header.HeaderWriterFilter@4544ab46, org.springframework.security.web.authentication.logout.LogoutFilter@603c2dee, org.springframework.security.web.savedrequest.RequestCacheAwareFilter@519b0f00, org.springframework.security.web.servletapi.SecurityContextHolderAwareRequestFilter@31dbf5bb, org.springframework.security.web.authentication.AnonymousAuthenticationFilter@51c008fd, org.springframework.security.web.session.SessionManagementFilter@5c13af01, org.springframework.security.web.access.ExceptionTranslationFilter@10e8c7a2, org.springframework.security.web.access.intercept.FilterSecurityInterceptor@3149409c]
2021-03-04 22:57:40.649  INFO 11468 --- [main] pertySourcedRequestMappingHandlerMapping : Mapped URL path [/v2/api-docs] onto method [springfox.documentation.swagger2.web.Swagger2Controller#getDocumentation(String, HttpServletRequest)]
2021-03-04 22:57:41.114  INFO 11468 --- [main] o.a.coyote.http11.Http11NioProtocol      : Starting ProtocolHandler ["http-nio-8078"]
2021-03-04 22:57:41.138  INFO 11468 --- [main] o.s.b.w.embedded.tomcat.TomcatWebServer  : Tomcat started on port(s): 8078 (http) with context path ''
2021-03-04 22:57:41.139  INFO 11468 --- [main] d.s.w.p.DocumentationPluginsBootstrapper : Context refreshed
2021-03-04 22:57:41.155  INFO 11468 --- [main] d.s.w.p.DocumentationPluginsBootstrapper : Found 3 custom documentation plugin(s)
2021-03-04 22:57:41.188  INFO 11468 --- [main] s.d.s.w.s.ApiListingReferenceScanner     : Scanning for api listing references
2021-03-04 22:57:41.321  INFO 11468 --- [main] .d.s.w.r.o.CachingOperationNameGenerator : Generating unique operation named: getCategoriesUsingGET_1
2021-03-04 22:57:41.340  INFO 11468 --- [main] s.d.s.w.s.ApiListingReferenceScanner     : Scanning for api listing references
2021-03-04 22:57:41.370  INFO 11468 --- [main] s.d.s.w.s.ApiListingReferenceScanner     : Scanning for api listing references
2021-03-04 22:57:41.379  INFO 11468 --- [main] .d.s.w.r.o.CachingOperationNameGenerator : Generating unique operation named: getArticleUsingGET_1
2021-03-04 22:57:41.381  INFO 11468 --- [main] .d.s.w.r.o.CachingOperationNameGenerator : Generating unique operation named: listArticlesUsingGET_1
2021-03-04 22:57:41.391  INFO 11468 --- [main] .d.s.w.r.o.CachingOperationNameGenerator : Generating unique operation named: deleteCommentUsingGET_1
2021-03-04 22:57:41.393  INFO 11468 --- [main] .d.s.w.r.o.CachingOperationNameGenerator : Generating unique operation named: listCommentsUsingGET_1
2021-03-04 22:57:41.404  INFO 11468 --- [main] .d.s.w.r.o.CachingOperationNameGenerator : Generating unique operation named: getImageUsingGET_1
2021-03-04 22:57:41.423  INFO 11468 --- [main] com.oldbai.halfmoon.HalfmoonApplication  : Started HalfmoonApplication in 6.464 seconds (JVM running for 7.935)
2021-03-04 22:59:10.291  INFO 11468 --- [http-nio-8078-exec-1] o.a.c.c.C.[Tomcat].[localhost].[/]       : Initializing Spring DispatcherServlet 'dispatcherServlet'
2021-03-04 22:59:10.291  INFO 11468 --- [http-nio-8078-exec-1] o.s.web.servlet.DispatcherServlet        : Initializing Servlet 'dispatcherServlet'
2021-03-04 22:59:10.307  INFO 11468 --- [http-nio-8078-exec-1] o.s.web.servlet.DispatcherServlet        : Completed initialization in 16 ms
2021-03-04 22:59:15.749  INFO 11468 --- [http-nio-8078-exec-4] com.zaxxer.hikari.HikariDataSource       : HikariPool-1 - Starting...
2021-03-04 22:59:15.887  INFO 11468 --- [http-nio-8078-exec-4] com.zaxxer.hikari.HikariDataSource       : HikariPool-1 - Start completed.
2021-03-04 23:22:06.651  INFO 11468 --- [http-nio-8078-exec-8] c.o.h.exception.ExceptionController      : Redis command timed out; nested exception is io.lettuce.core.RedisCommandTimeoutException: Command timed out after 18 second(s)
2021-03-04 23:22:07.906  INFO 11468 --- [lettuce-eventExecutorLoop-1-6] i.l.core.protocol.ConnectionWatchdog     : Reconnecting, last destination was /47.106.234.164:6379
2021-03-04 23:22:07.938  INFO 11468 --- [lettuce-nioEventLoop-4-2] i.l.core.protocol.ReconnectionHandler    : Reconnected to 47.106.234.164:6379
2021-03-04 23:29:28.618  INFO 11468 --- [SpringContextShutdownHook] o.s.s.concurrent.ThreadPoolTaskExecutor  : Shutting down ExecutorService 'asyncExecutor'
2021-03-04 23:29:28.620  INFO 11468 --- [SpringContextShutdownHook] com.zaxxer.hikari.HikariDataSource       : HikariPool-1 - Shutdown initiated...
2021-03-04 23:29:28.624  INFO 11468 --- [SpringContextShutdownHook] com.zaxxer.hikari.HikariDataSource       : HikariPool-1 - Shutdown completed.
