2021-03-02 00:00:46.713  INFO 18736 --- [http-nio-8078-exec-3] c.o.h.exception.ExceptionController      : Request method 'POST' not supported
2021-03-02 00:00:51.351  INFO 18736 --- [http-nio-8078-exec-4] c.o.h.service.impl.UserServiceImpl       : key_captcha_content_
2021-03-02 00:00:55.983  INFO 18736 --- [http-nio-8078-exec-6] c.o.h.service.impl.UserServiceImpl       : key_captcha_content_
2021-03-02 00:01:20.237  INFO 18736 --- [http-nio-8078-exec-7] c.o.h.service.impl.UserServiceImpl       : key_captcha_content_
2021-03-02 00:01:20.374  INFO 18736 --- [http-nio-8078-exec-7] c.o.h.service.impl.UserServiceImpl       : createNew+1
2021-03-02 00:01:20.400  INFO 18736 --- [http-nio-8078-exec-7] c.o.halfmoon.config.MyMetaObjectHandler  : start insert fill ....
2021-03-02 00:01:33.699  INFO 18736 --- [http-nio-8078-exec-8] c.o.h.service.impl.UserServiceImpl       : captcha content == > u2e7y
2021-03-02 00:01:39.607  INFO 18736 --- [http-nio-8078-exec-9] c.o.h.service.impl.UserServiceImpl       : key_captcha_content_
2021-03-02 00:01:55.298  INFO 18736 --- [http-nio-8078-exec-10] c.o.h.service.impl.UserServiceImpl       : captcha content == > ynax3
2021-03-02 00:02:26.069  INFO 18736 --- [http-nio-8078-exec-1] c.o.h.service.impl.UserServiceImpl       : captcha content == > 2fbrs
2021-03-02 00:02:40.267  INFO 18736 --- [http-nio-8078-exec-2] c.o.h.service.impl.UserServiceImpl       : captcha content == > cshqq
2021-03-02 00:07:05.402  INFO 18736 --- [http-nio-8078-exec-4] c.o.h.service.impl.UserServiceImpl       : captcha content == > 7zm5v
2021-03-02 00:07:22.055  INFO 18736 --- [http-nio-8078-exec-5] c.o.h.service.impl.UserServiceImpl       : captcha content == > mqyu8
2021-03-02 00:07:29.721  INFO 18736 --- [http-nio-8078-exec-6] c.o.h.service.impl.UserServiceImpl       : captcha content == > dykfr
2021-03-02 00:07:53.114  INFO 18736 --- [http-nio-8078-exec-7] c.o.h.service.impl.UserServiceImpl       : captcha content == > daqc8
2021-03-02 00:08:28.993  INFO 18736 --- [http-nio-8078-exec-8] c.o.h.service.impl.UserServiceImpl       : captcha content == > kurfr
2021-03-02 00:10:14.088  INFO 18736 --- [http-nio-8078-exec-10] c.o.h.service.impl.UserServiceImpl       : captcha content == > 4w7gp
2021-03-02 00:10:35.452  INFO 18736 --- [http-nio-8078-exec-1] c.o.h.service.impl.UserServiceImpl       : captcha content == > f4g2h
2021-03-02 00:16:31.267  INFO 18736 --- [http-nio-8078-exec-3] c.o.h.service.impl.UserServiceImpl       : captcha content == > t6d4t
2021-03-02 00:21:00.727  INFO 18736 --- [http-nio-8078-exec-5] c.o.h.service.impl.UserServiceImpl       : captcha content == > 9ugvr
2021-03-02 00:22:20.671  INFO 18736 --- [http-nio-8078-exec-7] c.o.h.service.impl.UserServiceImpl       : captcha content == > fpykp
2021-03-02 00:22:32.637  INFO 18736 --- [http-nio-8078-exec-8] c.o.h.service.impl.UserServiceImpl       : captcha content == > f3ajz
2021-03-02 00:22:53.436  INFO 18736 --- [http-nio-8078-exec-9] c.o.h.service.impl.UserServiceImpl       : captcha content == > pvzqh
2021-03-02 00:23:12.012  INFO 18736 --- [http-nio-8078-exec-10] c.o.h.service.impl.UserServiceImpl       : captcha content == > utf5v
2021-03-02 00:23:14.339  INFO 18736 --- [http-nio-8078-exec-1] c.o.h.service.impl.UserServiceImpl       : key_captcha_content_
2021-03-02 00:23:18.649  INFO 18736 --- [http-nio-8078-exec-2] c.o.h.service.impl.UserServiceImpl       : key_captcha_content_
2021-03-02 00:23:19.555  INFO 18736 --- [http-nio-8078-exec-3] c.o.h.service.impl.UserServiceImpl       : key_captcha_content_
2021-03-02 00:23:20.400  INFO 18736 --- [http-nio-8078-exec-4] c.o.h.service.impl.UserServiceImpl       : key_captcha_content_
2021-03-02 00:23:29.508  INFO 18736 --- [http-nio-8078-exec-5] c.o.h.service.impl.UserServiceImpl       : captcha content == > 2ffmm
2021-03-02 00:23:32.623  INFO 18736 --- [http-nio-8078-exec-6] c.o.h.service.impl.UserServiceImpl       : key_captcha_content_
2021-03-02 00:23:35.716  INFO 18736 --- [http-nio-8078-exec-7] c.o.h.service.impl.UserServiceImpl       : key_captcha_content_
2021-03-02 00:23:39.385  INFO 18736 --- [http-nio-8078-exec-8] c.o.h.service.impl.UserServiceImpl       : key_captcha_content_
2021-03-02 00:23:40.424  INFO 18736 --- [http-nio-8078-exec-9] c.o.h.service.impl.UserServiceImpl       : key_captcha_content_
2021-03-02 00:23:50.778  INFO 18736 --- [http-nio-8078-exec-10] c.o.h.service.impl.UserServiceImpl       : captcha content == > bwkva
2021-03-02 00:23:53.390  INFO 18736 --- [http-nio-8078-exec-1] c.o.h.exception.ExceptionController      : Request method 'POST' not supported
2021-03-02 00:23:59.163  INFO 18736 --- [http-nio-8078-exec-2] c.o.h.service.impl.UserServiceImpl       : captcha content == > jngpz
2021-03-02 00:24:03.211  INFO 18736 --- [http-nio-8078-exec-3] c.o.h.exception.ExceptionController      : Request method 'POST' not supported
2021-03-02 00:24:07.317  INFO 18736 --- [http-nio-8078-exec-4] c.o.h.service.impl.UserServiceImpl       : captcha content == > yzepr
2021-03-02 00:24:18.224  INFO 18736 --- [http-nio-8078-exec-5] c.o.h.exception.ExceptionController      : Request method 'POST' not supported
2021-03-02 00:24:24.891  INFO 18736 --- [http-nio-8078-exec-6] c.o.h.service.impl.UserServiceImpl       : captcha content == > 8j8hf
2021-03-02 00:24:28.670  INFO 18736 --- [http-nio-8078-exec-7] c.o.h.service.impl.UserServiceImpl       : captcha content == > gfhrq
2021-03-02 00:24:32.584  INFO 18736 --- [http-nio-8078-exec-8] c.o.h.service.impl.UserServiceImpl       : key_captcha_content_
2021-03-02 00:24:50.185  INFO 18736 --- [http-nio-8078-exec-9] c.o.h.service.impl.UserServiceImpl       : captcha content == > zdcnu
2021-03-02 00:24:53.018  INFO 18736 --- [http-nio-8078-exec-10] c.o.h.service.impl.UserServiceImpl       : key_captcha_content_
2021-03-02 00:25:03.926  INFO 18736 --- [http-nio-8078-exec-1] c.o.h.service.impl.UserServiceImpl       : captcha content == > pj2n6
2021-03-02 00:25:10.050  INFO 18736 --- [http-nio-8078-exec-2] c.o.h.service.impl.UserServiceImpl       : key_captcha_content_
2021-03-02 00:25:17.617  INFO 18736 --- [http-nio-8078-exec-3] c.o.h.service.impl.UserServiceImpl       : key_captcha_content_
2021-03-02 00:25:19.872  INFO 18736 --- [http-nio-8078-exec-4] c.o.h.service.impl.UserServiceImpl       : captcha content == > vjmad
2021-03-02 00:25:22.360  INFO 18736 --- [http-nio-8078-exec-5] c.o.h.service.impl.UserServiceImpl       : key_captcha_content_
2021-03-02 00:25:30.985  INFO 18736 --- [http-nio-8078-exec-6] c.o.h.service.impl.UserServiceImpl       : captcha content == > rxpme
2021-03-02 00:25:33.148  INFO 18736 --- [http-nio-8078-exec-7] c.o.h.service.impl.UserServiceImpl       : captcha content == > bcvaw
2021-03-02 00:26:12.358  INFO 18736 --- [http-nio-8078-exec-8] c.o.h.service.impl.UserServiceImpl       : captcha content == > t8unq
2021-03-02 00:26:42.572  INFO 18736 --- [http-nio-8078-exec-9] c.o.h.service.impl.UserServiceImpl       : captcha content == > ngcqk
2021-03-02 00:27:51.513  INFO 18736 --- [http-nio-8078-exec-1] c.o.h.service.impl.UserServiceImpl       : captcha content == > xxjf2
2021-03-02 00:28:45.999  INFO 18736 --- [http-nio-8078-exec-2] c.o.h.service.impl.UserServiceImpl       : captcha content == > 6vzuu
2021-03-02 00:28:49.969  INFO 18736 --- [http-nio-8078-exec-3] c.o.h.service.impl.UserServiceImpl       : captcha content == > mbmmg
2021-03-02 00:28:52.535  INFO 18736 --- [http-nio-8078-exec-4] c.o.h.service.impl.UserServiceImpl       : key_captcha_content_
2021-03-02 00:29:18.803  INFO 18736 --- [http-nio-8078-exec-5] c.o.h.service.impl.UserServiceImpl       : captcha content == > pqnku
2021-03-02 00:29:19.758  INFO 18736 --- [http-nio-8078-exec-6] c.o.h.exception.ExceptionController      : Request method 'POST' not supported
2021-03-02 00:29:23.486  INFO 18736 --- [http-nio-8078-exec-7] c.o.h.service.impl.UserServiceImpl       : captcha content == > hxv49
2021-03-02 00:29:45.569  INFO 18736 --- [http-nio-8078-exec-8] c.o.h.exception.ExceptionController      : Request method 'POST' not supported
2021-03-02 00:30:33.673  INFO 18736 --- [http-nio-8078-exec-10] c.o.h.service.impl.UserServiceImpl       : captcha content == > 93mcb
2021-03-02 00:30:34.529  INFO 18736 --- [http-nio-8078-exec-1] c.o.h.exception.ExceptionController      : Request method 'POST' not supported
2021-03-02 00:30:41.716  INFO 18736 --- [http-nio-8078-exec-2] c.o.h.service.impl.UserServiceImpl       : key_captcha_content_
2021-03-02 00:31:17.102  INFO 18736 --- [http-nio-8078-exec-3] c.o.h.service.impl.UserServiceImpl       : key_captcha_content_
2021-03-02 00:31:17.238  INFO 18736 --- [http-nio-8078-exec-3] c.o.h.service.impl.UserServiceImpl       : createNew+1
2021-03-02 00:31:17.264  INFO 18736 --- [http-nio-8078-exec-3] c.o.halfmoon.config.MyMetaObjectHandler  : start insert fill ....
2021-03-02 00:33:24.665  INFO 18736 --- [http-nio-8078-exec-5] c.o.h.service.impl.UserServiceImpl       : captcha content == > jyejg
2021-03-02 00:33:59.166  INFO 18736 --- [http-nio-8078-exec-6] c.o.h.service.impl.UserServiceImpl       : captcha content == > gfu2j
2021-03-02 00:35:05.933  INFO 18736 --- [http-nio-8078-exec-8] c.o.h.service.impl.UserServiceImpl       : captcha content == > p6qw5
2021-03-02 00:35:10.171  INFO 18736 --- [http-nio-8078-exec-9] c.o.h.service.impl.UserServiceImpl       : captcha content == > 9wubu
2021-03-02 00:35:12.908  INFO 18736 --- [http-nio-8078-exec-1] c.o.h.exception.ExceptionController      : Request method 'POST' not supported
2021-03-02 00:35:12.922  INFO 18736 --- [http-nio-8078-exec-10] c.o.h.service.impl.UserServiceImpl       : captcha content == > uva2k
2021-03-02 00:35:43.109  INFO 18736 --- [http-nio-8078-exec-2] c.o.h.service.impl.UserServiceImpl       : captcha content == > u4qmb
2021-03-02 00:35:48.433  INFO 18736 --- [http-nio-8078-exec-3] c.o.h.service.impl.UserServiceImpl       : captcha content == > agryc
2021-03-02 00:35:50.658  INFO 18736 --- [http-nio-8078-exec-4] c.o.h.exception.ExceptionController      : Request method 'POST' not supported
2021-03-02 00:35:50.673  INFO 18736 --- [http-nio-8078-exec-5] c.o.h.service.impl.UserServiceImpl       : captcha content == > sedfv
2021-03-02 00:36:02.872  INFO 18736 --- [http-nio-8078-exec-6] c.o.h.service.impl.UserServiceImpl       : captcha content == > gsjae
2021-03-02 00:36:05.817  INFO 18736 --- [http-nio-8078-exec-7] c.o.h.service.impl.UserServiceImpl       : captcha content == > qwsyz
2021-03-02 00:36:06.736  INFO 18736 --- [http-nio-8078-exec-8] c.o.h.exception.ExceptionController      : Request method 'POST' not supported
2021-03-02 00:36:06.755  INFO 18736 --- [http-nio-8078-exec-9] c.o.h.service.impl.UserServiceImpl       : captcha content == > rphm8
2021-03-02 00:37:33.950  INFO 18736 --- [http-nio-8078-exec-10] c.o.h.service.impl.UserServiceImpl       : captcha content == > xfjag
2021-03-02 00:37:37.549  INFO 18736 --- [http-nio-8078-exec-2] c.o.h.exception.ExceptionController      : Request method 'POST' not supported
2021-03-02 00:37:37.563  INFO 18736 --- [http-nio-8078-exec-3] c.o.h.service.impl.UserServiceImpl       : captcha content == > qzudj
2021-03-02 00:37:45.597  INFO 18736 --- [http-nio-8078-exec-4] c.o.h.service.impl.UserServiceImpl       : key_captcha_content_
2021-03-02 00:37:46.204  INFO 18736 --- [http-nio-8078-exec-5] c.o.h.service.impl.UserServiceImpl       : captcha content == > w3gtp
2021-03-02 00:37:46.734  INFO 18736 --- [http-nio-8078-exec-6] c.o.h.service.impl.UserServiceImpl       : key_captcha_content_
2021-03-02 00:40:10.680  INFO 18736 --- [http-nio-8078-exec-8] c.o.h.service.impl.UserServiceImpl       : captcha content == > wmgg5
2021-03-02 00:40:16.350  INFO 18736 --- [http-nio-8078-exec-9] c.o.h.service.impl.UserServiceImpl       : key_captcha_content_
2021-03-02 00:40:44.694  INFO 18736 --- [http-nio-8078-exec-1] c.o.h.service.impl.UserServiceImpl       : key_captcha_content_
2021-03-02 00:40:56.431  INFO 18736 --- [http-nio-8078-exec-10] c.o.h.service.impl.UserServiceImpl       : captcha content == > stg36
2021-03-02 00:41:00.486  INFO 18736 --- [http-nio-8078-exec-2] c.o.h.service.impl.UserServiceImpl       : key_captcha_content_
2021-03-02 00:41:06.243  INFO 18736 --- [http-nio-8078-exec-3] c.o.h.service.impl.UserServiceImpl       : captcha content == > ph7g6
2021-03-02 00:41:10.387  INFO 18736 --- [http-nio-8078-exec-4] c.o.h.service.impl.UserServiceImpl       : key_captcha_content_
2021-03-02 00:41:21.182  INFO 18736 --- [http-nio-8078-exec-5] c.o.h.service.impl.UserServiceImpl       : captcha content == > fapa2
2021-03-02 00:41:32.947  INFO 18736 --- [http-nio-8078-exec-6] c.o.h.service.impl.UserServiceImpl       : key_captcha_content_
2021-03-02 00:41:33.042  INFO 18736 --- [http-nio-8078-exec-7] c.o.h.service.impl.UserServiceImpl       : captcha content == > w77gp
2021-03-02 00:42:04.373  INFO 18736 --- [http-nio-8078-exec-8] c.o.h.service.impl.UserServiceImpl       : captcha content == > tamjt
2021-03-02 00:42:09.086  INFO 18736 --- [http-nio-8078-exec-9] c.o.h.service.impl.UserServiceImpl       : key_captcha_content_
2021-03-02 00:42:09.124  INFO 18736 --- [http-nio-8078-exec-1] c.o.h.service.impl.UserServiceImpl       : captcha content == > hdbgz
2021-03-02 00:42:12.311  INFO 18736 --- [http-nio-8078-exec-10] c.o.h.service.impl.UserServiceImpl       : captcha content == > gj9jw
2021-03-02 00:42:17.000  INFO 18736 --- [http-nio-8078-exec-2] c.o.h.service.impl.UserServiceImpl       : key_captcha_content_
2021-03-02 00:42:17.446  INFO 18736 --- [http-nio-8078-exec-3] c.o.h.service.impl.UserServiceImpl       : key_captcha_content_
2021-03-02 00:42:19.402  INFO 18736 --- [http-nio-8078-exec-4] c.o.h.service.impl.UserServiceImpl       : captcha content == > btcta
2021-03-02 00:42:23.008  INFO 18736 --- [http-nio-8078-exec-5] c.o.h.service.impl.UserServiceImpl       : key_captcha_content_
2021-03-02 00:42:23.043  INFO 18736 --- [http-nio-8078-exec-6] c.o.h.service.impl.UserServiceImpl       : captcha content == > r7ewh
2021-03-02 00:42:24.321  INFO 18736 --- [http-nio-8078-exec-7] c.o.h.service.impl.UserServiceImpl       : key_captcha_content_
2021-03-02 00:42:26.227  INFO 18736 --- [http-nio-8078-exec-8] c.o.h.service.impl.UserServiceImpl       : captcha content == > wfn6z
2021-03-02 00:42:57.611  INFO 18736 --- [http-nio-8078-exec-9] c.o.h.service.impl.UserServiceImpl       : captcha content == > vcjud
2021-03-02 00:43:02.381  INFO 18736 --- [http-nio-8078-exec-1] c.o.h.service.impl.UserServiceImpl       : key_captcha_content_
2021-03-02 00:43:02.426  INFO 18736 --- [http-nio-8078-exec-10] c.o.h.service.impl.UserServiceImpl       : captcha content == > pkfzu
2021-03-02 00:43:11.162  INFO 18736 --- [http-nio-8078-exec-3] c.o.h.service.impl.UserServiceImpl       : captcha content == > knefu
2021-03-02 00:43:15.419  INFO 18736 --- [http-nio-8078-exec-2] c.o.h.service.impl.UserServiceImpl       : key_captcha_content_
2021-03-02 00:43:16.533  INFO 18736 --- [http-nio-8078-exec-4] c.o.h.service.impl.UserServiceImpl       : captcha content == > z6zdb
2021-03-02 00:45:28.074  INFO 18736 --- [http-nio-8078-exec-6] c.o.h.service.impl.UserServiceImpl       : captcha content == > yybny
2021-03-02 00:45:35.432  INFO 18736 --- [http-nio-8078-exec-7] c.o.h.service.impl.UserServiceImpl       : key_captcha_content_
2021-03-02 00:45:36.257  INFO 18736 --- [http-nio-8078-exec-8] c.o.h.service.impl.UserServiceImpl       : captcha content == > nymge
2021-03-02 00:45:45.675  INFO 18736 --- [http-nio-8078-exec-9] c.o.h.service.impl.UserServiceImpl       : key_captcha_content_
2021-03-02 00:45:46.471  INFO 18736 --- [http-nio-8078-exec-9] c.o.h.service.impl.UserServiceImpl       : createNew+1
2021-03-02 00:45:46.500  INFO 18736 --- [http-nio-8078-exec-9] c.o.halfmoon.config.MyMetaObjectHandler  : start insert fill ....
2021-03-02 00:45:46.513  INFO 18736 --- [http-nio-8078-exec-1] c.o.h.service.impl.UserServiceImpl       : captcha content == > sjwjq
2021-03-02 00:46:11.617  INFO 18736 --- [http-nio-8078-exec-10] c.o.h.service.impl.UserServiceImpl       : key_captcha_content_
2021-03-02 00:46:11.755  INFO 18736 --- [http-nio-8078-exec-10] c.o.h.service.impl.UserServiceImpl       : createNew+1
2021-03-02 00:46:11.780  INFO 18736 --- [http-nio-8078-exec-10] c.o.halfmoon.config.MyMetaObjectHandler  : start insert fill ....
2021-03-02 00:46:11.798  INFO 18736 --- [http-nio-8078-exec-3] c.o.h.service.impl.UserServiceImpl       : captcha content == > r9bkn
2021-03-02 00:46:17.396  INFO 18736 --- [http-nio-8078-exec-2] c.o.h.service.impl.UserServiceImpl       : captcha content == > 8c3hs
2021-03-02 00:46:31.558  INFO 18736 --- [http-nio-8078-exec-4] c.o.h.service.impl.UserServiceImpl       : captcha content == > duyrw
2021-03-02 00:52:00.802  INFO 18736 --- [SpringContextShutdownHook] o.s.s.concurrent.ThreadPoolTaskExecutor  : Shutting down ExecutorService 'asyncExecutor'
2021-03-02 00:52:00.804  INFO 18736 --- [SpringContextShutdownHook] com.zaxxer.hikari.HikariDataSource       : HikariPool-1 - Shutdown initiated...
2021-03-02 00:52:00.808  INFO 18736 --- [SpringContextShutdownHook] com.zaxxer.hikari.HikariDataSource       : HikariPool-1 - Shutdown completed.
