2021-03-21 15:48:23.203  INFO 15744 --- [main] c.o.halfmoon.HalfmoonApplicationTests    : Starting HalfmoonApplicationTests on 老白的炸鸡堡垒 with PID 15744 (started by 老白 in G:\MyJava\HalfMoon\halfmoon)
2021-03-21 15:48:23.210  INFO 15744 --- [main] c.o.halfmoon.HalfmoonApplicationTests    : No active profile set, falling back to default profiles: default
2021-03-21 15:48:24.445  INFO 15744 --- [main] .s.d.r.c.RepositoryConfigurationDelegate : Multiple Spring Data modules found, entering strict repository configuration mode!
2021-03-21 15:48:24.447  INFO 15744 --- [main] .s.d.r.c.RepositoryConfigurationDelegate : Bootstrapping Spring Data Redis repositories in DEFAULT mode.
2021-03-21 15:48:24.536  INFO 15744 --- [main] .s.d.r.c.RepositoryConfigurationDelegate : Finished Spring Data repository scanning in 69ms. Found 0 Redis repository interfaces.
2021-03-21 15:48:24.571  INFO 15744 --- [main] .s.d.r.c.RepositoryConfigurationDelegate : Multiple Spring Data modules found, entering strict repository configuration mode!
2021-03-21 15:48:24.573  INFO 15744 --- [main] .s.d.r.c.RepositoryConfigurationDelegate : Bootstrapping Spring Data Solr repositories in DEFAULT mode.
2021-03-21 15:48:24.614  INFO 15744 --- [main] .s.d.r.c.RepositoryConfigurationDelegate : Finished Spring Data repository scanning in 25ms. Found 0 Solr repository interfaces.
2021-03-21 15:48:25.223  INFO 15744 --- [main] trationDelegate$BeanPostProcessorChecker : Bean 'redisConfig' of type [com.oldbai.halfmoon.config.RedisConfig$$EnhancerBySpringCGLIB$$21284357] is not eligible for getting processed by all BeanPostProcessors (for example: not eligible for auto-proxying)
2021-03-21 15:48:25.261  INFO 15744 --- [main] trationDelegate$BeanPostProcessorChecker : Bean 'org.springframework.security.access.expression.method.DefaultMethodSecurityExpressionHandler@106c988' of type [org.springframework.security.access.expression.method.DefaultMethodSecurityExpressionHandler] is not eligible for getting processed by all BeanPostProcessors (for example: not eligible for auto-proxying)
2021-03-21 15:48:25.286  INFO 15744 --- [main] trationDelegate$BeanPostProcessorChecker : Bean 'methodSecurityMetadataSource' of type [org.springframework.security.access.method.DelegatingMethodSecurityMetadataSource] is not eligible for getting processed by all BeanPostProcessors (for example: not eligible for auto-proxying)
2021-03-21 15:48:31.765  INFO 15744 --- [main] o.s.s.concurrent.ThreadPoolTaskExecutor  : Initializing ExecutorService
2021-03-21 15:48:31.782  INFO 15744 --- [main] o.s.s.concurrent.ThreadPoolTaskExecutor  : Initializing ExecutorService 'asyncExecutor'
2021-03-21 15:48:31.960  INFO 15744 --- [main] .s.s.UserDetailsServiceAutoConfiguration : 

Using generated security password: 1aa48329-bf77-4d0b-9115-0d194209b5e5

2021-03-21 15:48:32.339  INFO 15744 --- [main] o.s.s.web.DefaultSecurityFilterChain     : Creating filter chain: any request, [org.springframework.security.web.context.request.async.WebAsyncManagerIntegrationFilter@3538a129, org.springframework.security.web.context.SecurityContextPersistenceFilter@368ff8be, org.springframework.security.web.header.HeaderWriterFilter@2dcbf825, org.springframework.security.web.authentication.logout.LogoutFilter@e1c91cd, org.springframework.security.web.savedrequest.RequestCacheAwareFilter@30adae45, org.springframework.security.web.servletapi.SecurityContextHolderAwareRequestFilter@2d5d001f, org.springframework.security.web.authentication.AnonymousAuthenticationFilter@766db6f9, org.springframework.security.web.session.SessionManagementFilter@5ac53209, org.springframework.security.web.access.ExceptionTranslationFilter@2979c6ef, org.springframework.security.web.access.intercept.FilterSecurityInterceptor@43e30f15]
2021-03-21 15:48:32.449  INFO 15744 --- [main] pertySourcedRequestMappingHandlerMapping : Mapped URL path [/v2/api-docs] onto method [springfox.documentation.swagger2.web.Swagger2Controller#getDocumentation(String, HttpServletRequest)]
2021-03-21 15:48:34.168  INFO 15744 --- [main] d.s.w.p.DocumentationPluginsBootstrapper : Context refreshed
2021-03-21 15:48:34.245  INFO 15744 --- [main] d.s.w.p.DocumentationPluginsBootstrapper : Found 3 custom documentation plugin(s)
2021-03-21 15:48:34.354  INFO 15744 --- [main] s.d.s.w.s.ApiListingReferenceScanner     : Scanning for api listing references
2021-03-21 15:48:34.754  INFO 15744 --- [main] .d.s.w.r.o.CachingOperationNameGenerator : Generating unique operation named: getCategoriesUsingGET_1
2021-03-21 15:48:34.812  INFO 15744 --- [main] s.d.s.w.s.ApiListingReferenceScanner     : Scanning for api listing references
2021-03-21 15:48:34.901  INFO 15744 --- [main] s.d.s.w.s.ApiListingReferenceScanner     : Scanning for api listing references
2021-03-21 15:48:34.931  INFO 15744 --- [main] .d.s.w.r.o.CachingOperationNameGenerator : Generating unique operation named: getArticleUsingGET_1
2021-03-21 15:48:34.937  INFO 15744 --- [main] .d.s.w.r.o.CachingOperationNameGenerator : Generating unique operation named: listArticlesUsingGET_1
2021-03-21 15:48:34.973  INFO 15744 --- [main] .d.s.w.r.o.CachingOperationNameGenerator : Generating unique operation named: deleteCommentUsingGET_1
2021-03-21 15:48:34.977  INFO 15744 --- [main] .d.s.w.r.o.CachingOperationNameGenerator : Generating unique operation named: listCommentsUsingGET_1
2021-03-21 15:48:35.011  INFO 15744 --- [main] .d.s.w.r.o.CachingOperationNameGenerator : Generating unique operation named: getImageUsingGET_1
2021-03-21 15:48:35.094  INFO 15744 --- [main] c.o.halfmoon.HalfmoonApplicationTests    : Started HalfmoonApplicationTests in 12.513 seconds (JVM running for 14.055)
2021-03-21 15:48:36.118  INFO 15744 --- [SpringContextShutdownHook] o.s.s.concurrent.ThreadPoolTaskExecutor  : Shutting down ExecutorService 'asyncExecutor'
2021-03-21 15:54:23.254  INFO 4884 --- [main] c.o.halfmoon.HalfmoonApplicationTests    : Starting HalfmoonApplicationTests on 老白的炸鸡堡垒 with PID 4884 (started by 老白 in G:\MyJava\HalfMoon\halfmoon)
2021-03-21 15:54:23.258  INFO 4884 --- [main] c.o.halfmoon.HalfmoonApplicationTests    : No active profile set, falling back to default profiles: default
2021-03-21 15:54:24.434  INFO 4884 --- [main] .s.d.r.c.RepositoryConfigurationDelegate : Multiple Spring Data modules found, entering strict repository configuration mode!
2021-03-21 15:54:24.436  INFO 4884 --- [main] .s.d.r.c.RepositoryConfigurationDelegate : Bootstrapping Spring Data Redis repositories in DEFAULT mode.
2021-03-21 15:54:24.489  INFO 4884 --- [main] .s.d.r.c.RepositoryConfigurationDelegate : Finished Spring Data repository scanning in 34ms. Found 0 Redis repository interfaces.
2021-03-21 15:54:24.502  INFO 4884 --- [main] .s.d.r.c.RepositoryConfigurationDelegate : Multiple Spring Data modules found, entering strict repository configuration mode!
2021-03-21 15:54:24.503  INFO 4884 --- [main] .s.d.r.c.RepositoryConfigurationDelegate : Bootstrapping Spring Data Solr repositories in DEFAULT mode.
2021-03-21 15:54:24.523  INFO 4884 --- [main] .s.d.r.c.RepositoryConfigurationDelegate : Finished Spring Data repository scanning in 12ms. Found 0 Solr repository interfaces.
2021-03-21 15:54:25.050  INFO 4884 --- [main] trationDelegate$BeanPostProcessorChecker : Bean 'redisConfig' of type [com.oldbai.halfmoon.config.RedisConfig$$EnhancerBySpringCGLIB$$4c718a15] is not eligible for getting processed by all BeanPostProcessors (for example: not eligible for auto-proxying)
2021-03-21 15:54:25.079  INFO 4884 --- [main] trationDelegate$BeanPostProcessorChecker : Bean 'org.springframework.security.access.expression.method.DefaultMethodSecurityExpressionHandler@78d92eef' of type [org.springframework.security.access.expression.method.DefaultMethodSecurityExpressionHandler] is not eligible for getting processed by all BeanPostProcessors (for example: not eligible for auto-proxying)
2021-03-21 15:54:25.099  INFO 4884 --- [main] trationDelegate$BeanPostProcessorChecker : Bean 'methodSecurityMetadataSource' of type [org.springframework.security.access.method.DelegatingMethodSecurityMetadataSource] is not eligible for getting processed by all BeanPostProcessors (for example: not eligible for auto-proxying)
2021-03-21 15:54:29.881  INFO 4884 --- [main] o.s.s.concurrent.ThreadPoolTaskExecutor  : Initializing ExecutorService
2021-03-21 15:54:29.894  INFO 4884 --- [main] o.s.s.concurrent.ThreadPoolTaskExecutor  : Initializing ExecutorService 'asyncExecutor'
2021-03-21 15:54:29.985  INFO 4884 --- [main] .s.s.UserDetailsServiceAutoConfiguration : 

Using generated security password: 7568eeef-95f1-4416-b818-05843038f4fa

2021-03-21 15:54:30.166  INFO 4884 --- [main] o.s.s.web.DefaultSecurityFilterChain     : Creating filter chain: any request, [org.springframework.security.web.context.request.async.WebAsyncManagerIntegrationFilter@742dbac8, org.springframework.security.web.context.SecurityContextPersistenceFilter@6fd2acf5, org.springframework.security.web.header.HeaderWriterFilter@97cb8dc, org.springframework.security.web.authentication.logout.LogoutFilter@fc21ff4, org.springframework.security.web.savedrequest.RequestCacheAwareFilter@41bbdd8a, org.springframework.security.web.servletapi.SecurityContextHolderAwareRequestFilter@7e28f150, org.springframework.security.web.authentication.AnonymousAuthenticationFilter@2ce62e27, org.springframework.security.web.session.SessionManagementFilter@21046afa, org.springframework.security.web.access.ExceptionTranslationFilter@137d04d8, org.springframework.security.web.access.intercept.FilterSecurityInterceptor@1add3e03]
2021-03-21 15:54:30.234  INFO 4884 --- [main] pertySourcedRequestMappingHandlerMapping : Mapped URL path [/v2/api-docs] onto method [springfox.documentation.swagger2.web.Swagger2Controller#getDocumentation(String, HttpServletRequest)]
2021-03-21 15:54:31.271  INFO 4884 --- [main] d.s.w.p.DocumentationPluginsBootstrapper : Context refreshed
2021-03-21 15:54:31.296  INFO 4884 --- [main] d.s.w.p.DocumentationPluginsBootstrapper : Found 3 custom documentation plugin(s)
2021-03-21 15:54:31.296  INFO 4884 --- [main] d.s.w.p.DocumentationPluginsBootstrapper : Skipping initializing disabled plugin bean swagger v2.0
2021-03-21 15:54:31.297  INFO 4884 --- [main] d.s.w.p.DocumentationPluginsBootstrapper : Skipping initializing disabled plugin bean swagger v2.0
2021-03-21 15:54:31.298  INFO 4884 --- [main] d.s.w.p.DocumentationPluginsBootstrapper : Skipping initializing disabled plugin bean swagger v2.0
2021-03-21 15:54:31.309  INFO 4884 --- [main] c.o.halfmoon.HalfmoonApplicationTests    : Started HalfmoonApplicationTests in 8.644 seconds (JVM running for 10.095)
2021-03-21 15:54:31.822  INFO 4884 --- [SpringContextShutdownHook] o.s.s.concurrent.ThreadPoolTaskExecutor  : Shutting down ExecutorService 'asyncExecutor'
